-- The C compiler identification is GNU 9.4.0
-- The CXX compiler identification is GNU 9.4.0
-- Check for working C compiler: /usr/bin/cc
-- Check for working C compiler: /usr/bin/cc -- works
-- Detecting C compiler ABI info
-- Detecting C compiler ABI info - done
-- Detecting C compile features
-- Detecting C compile features - done
-- Check for working CXX compiler: /usr/bin/c++
-- Check for working CXX compiler: /usr/bin/c++ -- works
-- Detecting CXX compiler ABI info
-- Detecting CXX compiler ABI info - done
-- Detecting CXX compile features
-- Detecting CXX compile features - done
-- Found ament_cmake: 1.1.6 (/home/jqzhang/workspace/tracing_ws/install/ament_cmake/share/ament_cmake/cmake)
-- Found PythonInterp: /usr/bin/python3 (found suitable version "3.8.10", minimum required is "3") 
-- Using PYTHON_EXECUTABLE: /usr/bin/python3
-- Found rosidl_default_generators: 1.1.1 (/home/jqzhang/workspace/tracing_ws/install/rosidl_default_generators/share/rosidl_default_generators/cmake)
-- Using all available rosidl_typesupport_c: rosidl_typesupport_introspection_c;rosidl_typesupport_fastrtps_c
-- Found rosidl_adapter: 2.2.3 (/home/jqzhang/workspace/tracing_ws/install/rosidl_adapter/share/rosidl_adapter/cmake)
-- Found OpenSSL: /usr/lib/x86_64-linux-gnu/libcrypto.so (found version "1.1.1f")  
-- Found FastRTPS: /home/jqzhang/workspace/tracing_ws/install/fastrtps/include  
-- Using all available rosidl_typesupport_cpp: rosidl_typesupport_introspection_cpp;rosidl_typesupport_fastrtps_cpp
-- Found std_msgs: 2.2.4 (/home/jqzhang/workspace/tracing_ws/install/std_msgs/share/std_msgs/cmake)
-- Found PythonInterp: /usr/bin/python3 (found version "3.8.10") 
-- Found ament_cmake_ros: 0.9.2 (/home/jqzhang/workspace/tracing_ws/install/ament_cmake_ros/share/ament_cmake_ros/cmake)
-- Using all available rosidl_typesupport_c: rosidl_typesupport_introspection_c;rosidl_typesupport_fastrtps_c
-- Using all available rosidl_typesupport_cpp: rosidl_typesupport_introspection_cpp;rosidl_typesupport_fastrtps_cpp
-- Found PythonInterp: /usr/bin/python3 (found suitable version "3.8.10", minimum required is "3.5") 
-- Found python_cmake_module: 0.8.1 (/home/jqzhang/workspace/tracing_ws/install/python_cmake_module/share/python_cmake_module/cmake)
-- Found PythonLibs: /usr/lib/x86_64-linux-gnu/libpython3.8.so (found suitable version "3.8.10", minimum required is "3.5") 
-- Using PYTHON_EXECUTABLE: /usr/bin/python3
-- Using PYTHON_INCLUDE_DIRS: /usr/include/python3.8
-- Using PYTHON_LIBRARIES: /usr/lib/x86_64-linux-gnu/libpython3.8.so
-- Found PythonExtra: .so  
-- Configuring done
-- Generating done
-- Build files have been written to: /home/jqzhang/workspace/turtlebot_ws/build/mqtt_client_interfaces
[  2%] [34m[1mGenerating C code for ROS interfaces[0m
[35m[1mScanning dependencies of target mqtt_client_interfaces__cpp[0m
[  5%] [34m[1mGenerating C++ code for ROS interfaces[0m
[  5%] Built target mqtt_client_interfaces__cpp
[35m[1mScanning dependencies of target mqtt_client_interfaces__rosidl_generator_c[0m
[  7%] [34m[1mGenerating C++ type support for eProsima Fast-RTPS[0m
[ 12%] [34m[1mGenerating C++ introspection for ROS interfaces[0m
[ 12%] [34m[1mGenerating C++ type support dispatch for ROS interfaces[0m
[ 17%] [32mBuilding C object CMakeFiles/mqtt_client_interfaces__rosidl_generator_c.dir/rosidl_generator_c/mqtt_client_interfaces/msg/detail/ros_msg_type__functions.c.o[0m
[ 17%] [32mBuilding C object CMakeFiles/mqtt_client_interfaces__rosidl_generator_c.dir/rosidl_generator_c/mqtt_client_interfaces/srv/detail/is_connected__functions.c.o[0m
[ 20%] [32m[1mLinking C shared library libmqtt_client_interfaces__rosidl_generator_c.so[0m
[ 20%] Built target mqtt_client_interfaces__rosidl_generator_c
[ 25%] [34m[1mGenerating C introspection for ROS interfaces[0m
[ 25%] [34m[1mGenerating C type support dispatch for ROS interfaces[0m
[35m[1mScanning dependencies of target mqtt_client_interfaces__rosidl_typesupport_cpp[0m
[35m[1mScanning dependencies of target mqtt_client_interfaces__rosidl_typesupport_introspection_cpp[0m
[ 28%] [32mBuilding CXX object CMakeFiles/mqtt_client_interfaces__rosidl_typesupport_cpp.dir/rosidl_typesupport_cpp/mqtt_client_interfaces/srv/is_connected__type_support.cpp.o[0m
[ 30%] [32mBuilding CXX object CMakeFiles/mqtt_client_interfaces__rosidl_typesupport_cpp.dir/rosidl_typesupport_cpp/mqtt_client_interfaces/msg/ros_msg_type__type_support.cpp.o[0m
[ 35%] [32mBuilding CXX object CMakeFiles/mqtt_client_interfaces__rosidl_typesupport_introspection_cpp.dir/rosidl_typesupport_introspection_cpp/mqtt_client_interfaces/srv/detail/is_connected__type_support.cpp.o[0m
[ 35%] [32mBuilding CXX object CMakeFiles/mqtt_client_interfaces__rosidl_typesupport_introspection_cpp.dir/rosidl_typesupport_introspection_cpp/mqtt_client_interfaces/msg/detail/ros_msg_type__type_support.cpp.o[0m
[35m[1mScanning dependencies of target mqtt_client_interfaces__rosidl_typesupport_fastrtps_cpp[0m
[ 38%] [32mBuilding CXX object CMakeFiles/mqtt_client_interfaces__rosidl_typesupport_fastrtps_cpp.dir/rosidl_typesupport_fastrtps_cpp/mqtt_client_interfaces/msg/detail/dds_fastrtps/ros_msg_type__type_support.cpp.o[0m
[ 41%] [32mBuilding CXX object CMakeFiles/mqtt_client_interfaces__rosidl_typesupport_fastrtps_cpp.dir/rosidl_typesupport_fastrtps_cpp/mqtt_client_interfaces/srv/detail/dds_fastrtps/is_connected__type_support.cpp.o[0m
[35m[1mScanning dependencies of target mqtt_client_interfaces__rosidl_typesupport_c[0m
[35m[1mScanning dependencies of target mqtt_client_interfaces__rosidl_typesupport_introspection_c[0m
[ 43%] [32mBuilding CXX object CMakeFiles/mqtt_client_interfaces__rosidl_typesupport_c.dir/rosidl_typesupport_c/mqtt_client_interfaces/srv/is_connected__type_support.cpp.o[0m
[ 46%] [32mBuilding CXX object CMakeFiles/mqtt_client_interfaces__rosidl_typesupport_c.dir/rosidl_typesupport_c/mqtt_client_interfaces/msg/ros_msg_type__type_support.cpp.o[0m
[ 48%] [32mBuilding C object CMakeFiles/mqtt_client_interfaces__rosidl_typesupport_introspection_c.dir/rosidl_typesupport_introspection_c/mqtt_client_interfaces/msg/detail/ros_msg_type__type_support.c.o[0m
[ 51%] [32mBuilding C object CMakeFiles/mqtt_client_interfaces__rosidl_typesupport_introspection_c.dir/rosidl_typesupport_introspection_c/mqtt_client_interfaces/srv/detail/is_connected__type_support.c.o[0m
[ 53%] [32m[1mLinking CXX shared library libmqtt_client_interfaces__rosidl_typesupport_c.so[0m
[ 56%] [32m[1mLinking C shared library libmqtt_client_interfaces__rosidl_typesupport_introspection_c.so[0m
[ 56%] Built target mqtt_client_interfaces__rosidl_typesupport_c
[ 56%] Built target mqtt_client_interfaces__rosidl_typesupport_introspection_c
[ 58%] [32m[1mLinking CXX shared library libmqtt_client_interfaces__rosidl_typesupport_cpp.so[0m
[ 61%] [32m[1mLinking CXX shared library libmqtt_client_interfaces__rosidl_typesupport_introspection_cpp.so[0m
[ 61%] Built target mqtt_client_interfaces__rosidl_typesupport_cpp
[ 61%] Built target mqtt_client_interfaces__rosidl_typesupport_introspection_cpp
[ 64%] [32m[1mLinking CXX shared library libmqtt_client_interfaces__rosidl_typesupport_fastrtps_cpp.so[0m
[ 64%] Built target mqtt_client_interfaces__rosidl_typesupport_fastrtps_cpp
[ 66%] [34m[1mGenerating C type support for eProsima Fast-RTPS[0m
[35m[1mScanning dependencies of target mqtt_client_interfaces__rosidl_typesupport_fastrtps_c[0m
[ 71%] [32mBuilding CXX object CMakeFiles/mqtt_client_interfaces__rosidl_typesupport_fastrtps_c.dir/rosidl_typesupport_fastrtps_c/mqtt_client_interfaces/srv/detail/is_connected__type_support_c.cpp.o[0m
[ 71%] [32mBuilding CXX object CMakeFiles/mqtt_client_interfaces__rosidl_typesupport_fastrtps_c.dir/rosidl_typesupport_fastrtps_c/mqtt_client_interfaces/msg/detail/ros_msg_type__type_support_c.cpp.o[0m
[ 74%] [32m[1mLinking CXX shared library libmqtt_client_interfaces__rosidl_typesupport_fastrtps_c.so[0m
[ 74%] Built target mqtt_client_interfaces__rosidl_typesupport_fastrtps_c
[35m[1mScanning dependencies of target mqtt_client_interfaces[0m
[ 74%] Built target mqtt_client_interfaces
[35m[1mScanning dependencies of target mqtt_client_interfaces__py[0m
[ 76%] [34m[1mGenerating Python code for ROS interfaces[0m
[ 76%] Built target mqtt_client_interfaces__py
[35m[1mScanning dependencies of target mqtt_client_interfaces__python[0m
[ 82%] [32mBuilding C object CMakeFiles/mqtt_client_interfaces__python.dir/rosidl_generator_py/mqtt_client_interfaces/msg/_ros_msg_type_s.c.o[0m
[ 82%] [32mBuilding C object CMakeFiles/mqtt_client_interfaces__python.dir/rosidl_generator_py/mqtt_client_interfaces/srv/_is_connected_s.c.o[0m
[ 84%] [32m[1mLinking C shared library rosidl_generator_py/mqtt_client_interfaces/libmqtt_client_interfaces__python.so[0m
[ 84%] Built target mqtt_client_interfaces__python
[35m[1mScanning dependencies of target mqtt_client_interfaces__rosidl_typesupport_c__pyext[0m
[35m[1mScanning dependencies of target mqtt_client_interfaces__rosidl_typesupport_introspection_c__pyext[0m
[35m[1mScanning dependencies of target mqtt_client_interfaces__rosidl_typesupport_fastrtps_c__pyext[0m
[ 92%] [32mBuilding C object CMakeFiles/mqtt_client_interfaces__rosidl_typesupport_c__pyext.dir/rosidl_generator_py/mqtt_client_interfaces/_mqtt_client_interfaces_s.ep.rosidl_typesupport_c.c.o[0m
[ 92%] [32mBuilding C object CMakeFiles/mqtt_client_interfaces__rosidl_typesupport_introspection_c__pyext.dir/rosidl_generator_py/mqtt_client_interfaces/_mqtt_client_interfaces_s.ep.rosidl_typesupport_introspection_c.c.o[0m
[ 92%] [32mBuilding C object CMakeFiles/mqtt_client_interfaces__rosidl_typesupport_fastrtps_c__pyext.dir/rosidl_generator_py/mqtt_client_interfaces/_mqtt_client_interfaces_s.ep.rosidl_typesupport_fastrtps_c.c.o[0m
[ 97%] [32m[1mLinking C shared library rosidl_generator_py/mqtt_client_interfaces/mqtt_client_interfaces_s__rosidl_typesupport_introspection_c.cpython-38-x86_64-linux-gnu.so[0m
[ 97%] [32m[1mLinking C shared library rosidl_generator_py/mqtt_client_interfaces/mqtt_client_interfaces_s__rosidl_typesupport_c.cpython-38-x86_64-linux-gnu.so[0m
[100%] [32m[1mLinking CXX shared library rosidl_generator_py/mqtt_client_interfaces/mqtt_client_interfaces_s__rosidl_typesupport_fastrtps_c.cpython-38-x86_64-linux-gnu.so[0m
[100%] Built target mqtt_client_interfaces__rosidl_typesupport_introspection_c__pyext
[100%] Built target mqtt_client_interfaces__rosidl_typesupport_c__pyext
[100%] Built target mqtt_client_interfaces__rosidl_typesupport_fastrtps_c__pyext
-- Install configuration: ""
-- Installing: /home/jqzhang/workspace/turtlebot_ws/install/mqtt_client_interfaces/share/ament_index/resource_index/rosidl_interfaces/mqtt_client_interfaces
-- Installing: /home/jqzhang/workspace/turtlebot_ws/install/mqtt_client_interfaces/include/mqtt_client_interfaces
-- Installing: /home/jqzhang/workspace/turtlebot_ws/install/mqtt_client_interfaces/include/mqtt_client_interfaces/srv
-- Installing: /home/jqzhang/workspace/turtlebot_ws/install/mqtt_client_interfaces/include/mqtt_client_interfaces/srv/is_connected.h
-- Installing: /home/jqzhang/workspace/turtlebot_ws/install/mqtt_client_interfaces/include/mqtt_client_interfaces/srv/detail
-- Installing: /home/jqzhang/workspace/turtlebot_ws/install/mqtt_client_interfaces/include/mqtt_client_interfaces/srv/detail/is_connected__struct.h
-- Installing: /home/jqzhang/workspace/turtlebot_ws/install/mqtt_client_interfaces/include/mqtt_client_interfaces/srv/detail/is_connected__type_support.h
-- Installing: /home/jqzhang/workspace/turtlebot_ws/install/mqtt_client_interfaces/include/mqtt_client_interfaces/srv/detail/is_connected__functions.h
-- Installing: /home/jqzhang/workspace/turtlebot_ws/install/mqtt_client_interfaces/include/mqtt_client_interfaces/srv/detail/is_connected__functions.c
-- Installing: /home/jqzhang/workspace/turtlebot_ws/install/mqtt_client_interfaces/include/mqtt_client_interfaces/msg
-- Installing: /home/jqzhang/workspace/turtlebot_ws/install/mqtt_client_interfaces/include/mqtt_client_interfaces/msg/rosidl_generator_c__visibility_control.h
-- Installing: /home/jqzhang/workspace/turtlebot_ws/install/mqtt_client_interfaces/include/mqtt_client_interfaces/msg/ros_msg_type.h
-- Installing: /home/jqzhang/workspace/turtlebot_ws/install/mqtt_client_interfaces/include/mqtt_client_interfaces/msg/detail
-- Installing: /home/jqzhang/workspace/turtlebot_ws/install/mqtt_client_interfaces/include/mqtt_client_interfaces/msg/detail/ros_msg_type__type_support.h
-- Installing: /home/jqzhang/workspace/turtlebot_ws/install/mqtt_client_interfaces/include/mqtt_client_interfaces/msg/detail/ros_msg_type__functions.c
-- Installing: /home/jqzhang/workspace/turtlebot_ws/install/mqtt_client_interfaces/include/mqtt_client_interfaces/msg/detail/ros_msg_type__struct.h
-- Installing: /home/jqzhang/workspace/turtlebot_ws/install/mqtt_client_interfaces/include/mqtt_client_interfaces/msg/detail/ros_msg_type__functions.h
-- Installing: /home/jqzhang/workspace/turtlebot_ws/install/mqtt_client_interfaces/share/mqtt_client_interfaces/environment/library_path.sh
-- Installing: /home/jqzhang/workspace/turtlebot_ws/install/mqtt_client_interfaces/share/mqtt_client_interfaces/environment/library_path.dsv
-- Installing: /home/jqzhang/workspace/turtlebot_ws/install/mqtt_client_interfaces/lib/libmqtt_client_interfaces__rosidl_generator_c.so
-- Set runtime path of "/home/jqzhang/workspace/turtlebot_ws/install/mqtt_client_interfaces/lib/libmqtt_client_interfaces__rosidl_generator_c.so" to ""
-- Up-to-date: /home/jqzhang/workspace/turtlebot_ws/install/mqtt_client_interfaces/include/mqtt_client_interfaces
-- Up-to-date: /home/jqzhang/workspace/turtlebot_ws/install/mqtt_client_interfaces/include/mqtt_client_interfaces/srv
-- Up-to-date: /home/jqzhang/workspace/turtlebot_ws/install/mqtt_client_interfaces/include/mqtt_client_interfaces/srv/detail
-- Installing: /home/jqzhang/workspace/turtlebot_ws/install/mqtt_client_interfaces/include/mqtt_client_interfaces/srv/detail/is_connected__rosidl_typesupport_introspection_c.h
-- Installing: /home/jqzhang/workspace/turtlebot_ws/install/mqtt_client_interfaces/include/mqtt_client_interfaces/srv/detail/is_connected__type_support.c
-- Up-to-date: /home/jqzhang/workspace/turtlebot_ws/install/mqtt_client_interfaces/include/mqtt_client_interfaces/msg
-- Installing: /home/jqzhang/workspace/turtlebot_ws/install/mqtt_client_interfaces/include/mqtt_client_interfaces/msg/rosidl_typesupport_introspection_c__visibility_control.h
-- Up-to-date: /home/jqzhang/workspace/turtlebot_ws/install/mqtt_client_interfaces/include/mqtt_client_interfaces/msg/detail
-- Installing: /home/jqzhang/workspace/turtlebot_ws/install/mqtt_client_interfaces/include/mqtt_client_interfaces/msg/detail/ros_msg_type__rosidl_typesupport_introspection_c.h
-- Installing: /home/jqzhang/workspace/turtlebot_ws/install/mqtt_client_interfaces/include/mqtt_client_interfaces/msg/detail/ros_msg_type__type_support.c
-- Installing: /home/jqzhang/workspace/turtlebot_ws/install/mqtt_client_interfaces/lib/libmqtt_client_interfaces__rosidl_typesupport_introspection_c.so
-- Set runtime path of "/home/jqzhang/workspace/turtlebot_ws/install/mqtt_client_interfaces/lib/libmqtt_client_interfaces__rosidl_typesupport_introspection_c.so" to ""
-- Up-to-date: /home/jqzhang/workspace/turtlebot_ws/install/mqtt_client_interfaces/include/mqtt_client_interfaces
-- Up-to-date: /home/jqzhang/workspace/turtlebot_ws/install/mqtt_client_interfaces/include/mqtt_client_interfaces/srv
-- Up-to-date: /home/jqzhang/workspace/turtlebot_ws/install/mqtt_client_interfaces/include/mqtt_client_interfaces/srv/detail
-- Installing: /home/jqzhang/workspace/turtlebot_ws/install/mqtt_client_interfaces/include/mqtt_client_interfaces/srv/detail/is_connected__rosidl_typesupport_fastrtps_c.h
-- Up-to-date: /home/jqzhang/workspace/turtlebot_ws/install/mqtt_client_interfaces/include/mqtt_client_interfaces/msg
-- Installing: /home/jqzhang/workspace/turtlebot_ws/install/mqtt_client_interfaces/include/mqtt_client_interfaces/msg/rosidl_typesupport_fastrtps_c__visibility_control.h
-- Up-to-date: /home/jqzhang/workspace/turtlebot_ws/install/mqtt_client_interfaces/include/mqtt_client_interfaces/msg/detail
-- Installing: /home/jqzhang/workspace/turtlebot_ws/install/mqtt_client_interfaces/include/mqtt_client_interfaces/msg/detail/ros_msg_type__rosidl_typesupport_fastrtps_c.h
-- Installing: /home/jqzhang/workspace/turtlebot_ws/install/mqtt_client_interfaces/lib/libmqtt_client_interfaces__rosidl_typesupport_fastrtps_c.so
-- Set runtime path of "/home/jqzhang/workspace/turtlebot_ws/install/mqtt_client_interfaces/lib/libmqtt_client_interfaces__rosidl_typesupport_fastrtps_c.so" to ""
-- Up-to-date: /home/jqzhang/workspace/turtlebot_ws/install/mqtt_client_interfaces/include/mqtt_client_interfaces
-- Up-to-date: /home/jqzhang/workspace/turtlebot_ws/install/mqtt_client_interfaces/include/mqtt_client_interfaces/srv
-- Up-to-date: /home/jqzhang/workspace/turtlebot_ws/install/mqtt_client_interfaces/include/mqtt_client_interfaces/srv/detail
-- Installing: /home/jqzhang/workspace/turtlebot_ws/install/mqtt_client_interfaces/include/mqtt_client_interfaces/srv/detail/dds_fastrtps
-- Installing: /home/jqzhang/workspace/turtlebot_ws/install/mqtt_client_interfaces/include/mqtt_client_interfaces/srv/detail/is_connected__rosidl_typesupport_fastrtps_cpp.hpp
-- Up-to-date: /home/jqzhang/workspace/turtlebot_ws/install/mqtt_client_interfaces/include/mqtt_client_interfaces/msg
-- Up-to-date: /home/jqzhang/workspace/turtlebot_ws/install/mqtt_client_interfaces/include/mqtt_client_interfaces/msg/detail
-- Installing: /home/jqzhang/workspace/turtlebot_ws/install/mqtt_client_interfaces/include/mqtt_client_interfaces/msg/detail/dds_fastrtps
-- Installing: /home/jqzhang/workspace/turtlebot_ws/install/mqtt_client_interfaces/include/mqtt_client_interfaces/msg/detail/ros_msg_type__rosidl_typesupport_fastrtps_cpp.hpp
-- Installing: /home/jqzhang/workspace/turtlebot_ws/install/mqtt_client_interfaces/include/mqtt_client_interfaces/msg/rosidl_typesupport_fastrtps_cpp__visibility_control.h
-- Installing: /home/jqzhang/workspace/turtlebot_ws/install/mqtt_client_interfaces/lib/libmqtt_client_interfaces__rosidl_typesupport_fastrtps_cpp.so
-- Set runtime path of "/home/jqzhang/workspace/turtlebot_ws/install/mqtt_client_interfaces/lib/libmqtt_client_interfaces__rosidl_typesupport_fastrtps_cpp.so" to ""
-- Installing: /home/jqzhang/workspace/turtlebot_ws/install/mqtt_client_interfaces/lib/libmqtt_client_interfaces__rosidl_typesupport_c.so
-- Set runtime path of "/home/jqzhang/workspace/turtlebot_ws/install/mqtt_client_interfaces/lib/libmqtt_client_interfaces__rosidl_typesupport_c.so" to ""
-- Up-to-date: /home/jqzhang/workspace/turtlebot_ws/install/mqtt_client_interfaces/include/mqtt_client_interfaces
-- Up-to-date: /home/jqzhang/workspace/turtlebot_ws/install/mqtt_client_interfaces/include/mqtt_client_interfaces/srv
-- Installing: /home/jqzhang/workspace/turtlebot_ws/install/mqtt_client_interfaces/include/mqtt_client_interfaces/srv/is_connected.hpp
-- Up-to-date: /home/jqzhang/workspace/turtlebot_ws/install/mqtt_client_interfaces/include/mqtt_client_interfaces/srv/detail
-- Installing: /home/jqzhang/workspace/turtlebot_ws/install/mqtt_client_interfaces/include/mqtt_client_interfaces/srv/detail/is_connected__struct.hpp
-- Installing: /home/jqzhang/workspace/turtlebot_ws/install/mqtt_client_interfaces/include/mqtt_client_interfaces/srv/detail/is_connected__traits.hpp
-- Installing: /home/jqzhang/workspace/turtlebot_ws/install/mqtt_client_interfaces/include/mqtt_client_interfaces/srv/detail/is_connected__builder.hpp
-- Up-to-date: /home/jqzhang/workspace/turtlebot_ws/install/mqtt_client_interfaces/include/mqtt_client_interfaces/msg
-- Installing: /home/jqzhang/workspace/turtlebot_ws/install/mqtt_client_interfaces/include/mqtt_client_interfaces/msg/ros_msg_type.hpp
-- Up-to-date: /home/jqzhang/workspace/turtlebot_ws/install/mqtt_client_interfaces/include/mqtt_client_interfaces/msg/detail
-- Installing: /home/jqzhang/workspace/turtlebot_ws/install/mqtt_client_interfaces/include/mqtt_client_interfaces/msg/detail/ros_msg_type__traits.hpp
-- Installing: /home/jqzhang/workspace/turtlebot_ws/install/mqtt_client_interfaces/include/mqtt_client_interfaces/msg/detail/ros_msg_type__struct.hpp
-- Installing: /home/jqzhang/workspace/turtlebot_ws/install/mqtt_client_interfaces/include/mqtt_client_interfaces/msg/detail/ros_msg_type__builder.hpp
-- Up-to-date: /home/jqzhang/workspace/turtlebot_ws/install/mqtt_client_interfaces/include/mqtt_client_interfaces
-- Up-to-date: /home/jqzhang/workspace/turtlebot_ws/install/mqtt_client_interfaces/include/mqtt_client_interfaces/srv
-- Up-to-date: /home/jqzhang/workspace/turtlebot_ws/install/mqtt_client_interfaces/include/mqtt_client_interfaces/srv/detail
-- Installing: /home/jqzhang/workspace/turtlebot_ws/install/mqtt_client_interfaces/include/mqtt_client_interfaces/srv/detail/is_connected__rosidl_typesupport_introspection_cpp.hpp
-- Installing: /home/jqzhang/workspace/turtlebot_ws/install/mqtt_client_interfaces/include/mqtt_client_interfaces/srv/detail/is_connected__type_support.cpp
-- Up-to-date: /home/jqzhang/workspace/turtlebot_ws/install/mqtt_client_interfaces/include/mqtt_client_interfaces/msg
-- Up-to-date: /home/jqzhang/workspace/turtlebot_ws/install/mqtt_client_interfaces/include/mqtt_client_interfaces/msg/detail
-- Installing: /home/jqzhang/workspace/turtlebot_ws/install/mqtt_client_interfaces/include/mqtt_client_interfaces/msg/detail/ros_msg_type__rosidl_typesupport_introspection_cpp.hpp
-- Installing: /home/jqzhang/workspace/turtlebot_ws/install/mqtt_client_interfaces/include/mqtt_client_interfaces/msg/detail/ros_msg_type__type_support.cpp
-- Installing: /home/jqzhang/workspace/turtlebot_ws/install/mqtt_client_interfaces/lib/libmqtt_client_interfaces__rosidl_typesupport_introspection_cpp.so
-- Set runtime path of "/home/jqzhang/workspace/turtlebot_ws/install/mqtt_client_interfaces/lib/libmqtt_client_interfaces__rosidl_typesupport_introspection_cpp.so" to ""
-- Installing: /home/jqzhang/workspace/turtlebot_ws/install/mqtt_client_interfaces/lib/libmqtt_client_interfaces__rosidl_typesupport_cpp.so
-- Set runtime path of "/home/jqzhang/workspace/turtlebot_ws/install/mqtt_client_interfaces/lib/libmqtt_client_interfaces__rosidl_typesupport_cpp.so" to ""
-- Installing: /home/jqzhang/workspace/turtlebot_ws/install/mqtt_client_interfaces/share/mqtt_client_interfaces/environment/pythonpath.sh
-- Installing: /home/jqzhang/workspace/turtlebot_ws/install/mqtt_client_interfaces/share/mqtt_client_interfaces/environment/pythonpath.dsv
-- Installing: /home/jqzhang/workspace/turtlebot_ws/install/mqtt_client_interfaces/lib/python3.8/site-packages/mqtt_client_interfaces/__init__.py
Compiling '/home/jqzhang/workspace/turtlebot_ws/install/mqtt_client_interfaces/lib/python3.8/site-packages/mqtt_client_interfaces/__init__.py'...
-- Installing: /home/jqzhang/workspace/turtlebot_ws/install/mqtt_client_interfaces/lib/python3.8/site-packages/mqtt_client_interfaces/msg
-- Installing: /home/jqzhang/workspace/turtlebot_ws/install/mqtt_client_interfaces/lib/python3.8/site-packages/mqtt_client_interfaces/msg/_ros_msg_type.py
-- Installing: /home/jqzhang/workspace/turtlebot_ws/install/mqtt_client_interfaces/lib/python3.8/site-packages/mqtt_client_interfaces/msg/_ros_msg_type_s.c
-- Installing: /home/jqzhang/workspace/turtlebot_ws/install/mqtt_client_interfaces/lib/python3.8/site-packages/mqtt_client_interfaces/msg/__init__.py
-- Installing: /home/jqzhang/workspace/turtlebot_ws/install/mqtt_client_interfaces/lib/python3.8/site-packages/mqtt_client_interfaces/srv
-- Installing: /home/jqzhang/workspace/turtlebot_ws/install/mqtt_client_interfaces/lib/python3.8/site-packages/mqtt_client_interfaces/srv/__init__.py
-- Installing: /home/jqzhang/workspace/turtlebot_ws/install/mqtt_client_interfaces/lib/python3.8/site-packages/mqtt_client_interfaces/srv/_is_connected.py
-- Installing: /home/jqzhang/workspace/turtlebot_ws/install/mqtt_client_interfaces/lib/python3.8/site-packages/mqtt_client_interfaces/srv/_is_connected_s.c
-- Installing: /home/jqzhang/workspace/turtlebot_ws/install/mqtt_client_interfaces/lib/python3.8/site-packages/mqtt_client_interfaces/mqtt_client_interfaces_s__rosidl_typesupport_introspection_c.cpython-38-x86_64-linux-gnu.so
-- Set runtime path of "/home/jqzhang/workspace/turtlebot_ws/install/mqtt_client_interfaces/lib/python3.8/site-packages/mqtt_client_interfaces/mqtt_client_interfaces_s__rosidl_typesupport_introspection_c.cpython-38-x86_64-linux-gnu.so" to ""
-- Installing: /home/jqzhang/workspace/turtlebot_ws/install/mqtt_client_interfaces/lib/python3.8/site-packages/mqtt_client_interfaces/mqtt_client_interfaces_s__rosidl_typesupport_fastrtps_c.cpython-38-x86_64-linux-gnu.so
-- Set runtime path of "/home/jqzhang/workspace/turtlebot_ws/install/mqtt_client_interfaces/lib/python3.8/site-packages/mqtt_client_interfaces/mqtt_client_interfaces_s__rosidl_typesupport_fastrtps_c.cpython-38-x86_64-linux-gnu.so" to ""
-- Installing: /home/jqzhang/workspace/turtlebot_ws/install/mqtt_client_interfaces/lib/python3.8/site-packages/mqtt_client_interfaces/mqtt_client_interfaces_s__rosidl_typesupport_c.cpython-38-x86_64-linux-gnu.so
-- Set runtime path of "/home/jqzhang/workspace/turtlebot_ws/install/mqtt_client_interfaces/lib/python3.8/site-packages/mqtt_client_interfaces/mqtt_client_interfaces_s__rosidl_typesupport_c.cpython-38-x86_64-linux-gnu.so" to ""
-- Installing: /home/jqzhang/workspace/turtlebot_ws/install/mqtt_client_interfaces/lib/libmqtt_client_interfaces__python.so
-- Set runtime path of "/home/jqzhang/workspace/turtlebot_ws/install/mqtt_client_interfaces/lib/libmqtt_client_interfaces__python.so" to ""
-- Installing: /home/jqzhang/workspace/turtlebot_ws/install/mqtt_client_interfaces/share/mqtt_client_interfaces/msg/RosMsgType.idl
-- Installing: /home/jqzhang/workspace/turtlebot_ws/install/mqtt_client_interfaces/share/mqtt_client_interfaces/srv/IsConnected.idl
-- Installing: /home/jqzhang/workspace/turtlebot_ws/install/mqtt_client_interfaces/share/mqtt_client_interfaces/msg/RosMsgType.msg
-- Installing: /home/jqzhang/workspace/turtlebot_ws/install/mqtt_client_interfaces/share/mqtt_client_interfaces/srv/IsConnected.srv
-- Installing: /home/jqzhang/workspace/turtlebot_ws/install/mqtt_client_interfaces/share/mqtt_client_interfaces/srv/IsConnected_Request.msg
-- Installing: /home/jqzhang/workspace/turtlebot_ws/install/mqtt_client_interfaces/share/mqtt_client_interfaces/srv/IsConnected_Response.msg
-- Installing: /home/jqzhang/workspace/turtlebot_ws/install/mqtt_client_interfaces/share/ament_index/resource_index/package_run_dependencies/mqtt_client_interfaces
-- Installing: /home/jqzhang/workspace/turtlebot_ws/install/mqtt_client_interfaces/share/ament_index/resource_index/parent_prefix_path/mqtt_client_interfaces
-- Installing: /home/jqzhang/workspace/turtlebot_ws/install/mqtt_client_interfaces/share/mqtt_client_interfaces/environment/ament_prefix_path.sh
-- Installing: /home/jqzhang/workspace/turtlebot_ws/install/mqtt_client_interfaces/share/mqtt_client_interfaces/environment/ament_prefix_path.dsv
-- Installing: /home/jqzhang/workspace/turtlebot_ws/install/mqtt_client_interfaces/share/mqtt_client_interfaces/environment/path.sh
-- Installing: /home/jqzhang/workspace/turtlebot_ws/install/mqtt_client_interfaces/share/mqtt_client_interfaces/environment/path.dsv
-- Installing: /home/jqzhang/workspace/turtlebot_ws/install/mqtt_client_interfaces/share/mqtt_client_interfaces/local_setup.bash
-- Installing: /home/jqzhang/workspace/turtlebot_ws/install/mqtt_client_interfaces/share/mqtt_client_interfaces/local_setup.sh
-- Installing: /home/jqzhang/workspace/turtlebot_ws/install/mqtt_client_interfaces/share/mqtt_client_interfaces/local_setup.zsh
-- Installing: /home/jqzhang/workspace/turtlebot_ws/install/mqtt_client_interfaces/share/mqtt_client_interfaces/local_setup.dsv
-- Installing: /home/jqzhang/workspace/turtlebot_ws/install/mqtt_client_interfaces/share/mqtt_client_interfaces/package.dsv
-- Installing: /home/jqzhang/workspace/turtlebot_ws/install/mqtt_client_interfaces/share/ament_index/resource_index/packages/mqtt_client_interfaces
-- Installing: /home/jqzhang/workspace/turtlebot_ws/install/mqtt_client_interfaces/share/mqtt_client_interfaces/cmake/mqtt_client_interfaces__rosidl_generator_cExport.cmake
-- Installing: /home/jqzhang/workspace/turtlebot_ws/install/mqtt_client_interfaces/share/mqtt_client_interfaces/cmake/mqtt_client_interfaces__rosidl_generator_cExport-noconfig.cmake
-- Installing: /home/jqzhang/workspace/turtlebot_ws/install/mqtt_client_interfaces/share/mqtt_client_interfaces/cmake/mqtt_client_interfaces__rosidl_typesupport_introspection_cExport.cmake
-- Installing: /home/jqzhang/workspace/turtlebot_ws/install/mqtt_client_interfaces/share/mqtt_client_interfaces/cmake/mqtt_client_interfaces__rosidl_typesupport_introspection_cExport-noconfig.cmake
-- Installing: /home/jqzhang/workspace/turtlebot_ws/install/mqtt_client_interfaces/share/mqtt_client_interfaces/cmake/mqtt_client_interfaces__rosidl_typesupport_cExport.cmake
-- Installing: /home/jqzhang/workspace/turtlebot_ws/install/mqtt_client_interfaces/share/mqtt_client_interfaces/cmake/mqtt_client_interfaces__rosidl_typesupport_cExport-noconfig.cmake
-- Installing: /home/jqzhang/workspace/turtlebot_ws/install/mqtt_client_interfaces/share/mqtt_client_interfaces/cmake/mqtt_client_interfaces__rosidl_generator_cppExport.cmake
-- Installing: /home/jqzhang/workspace/turtlebot_ws/install/mqtt_client_interfaces/share/mqtt_client_interfaces/cmake/mqtt_client_interfaces__rosidl_typesupport_introspection_cppExport.cmake
-- Installing: /home/jqzhang/workspace/turtlebot_ws/install/mqtt_client_interfaces/share/mqtt_client_interfaces/cmake/mqtt_client_interfaces__rosidl_typesupport_introspection_cppExport-noconfig.cmake
-- Installing: /home/jqzhang/workspace/turtlebot_ws/install/mqtt_client_interfaces/share/mqtt_client_interfaces/cmake/mqtt_client_interfaces__rosidl_typesupport_cppExport.cmake
-- Installing: /home/jqzhang/workspace/turtlebot_ws/install/mqtt_client_interfaces/share/mqtt_client_interfaces/cmake/mqtt_client_interfaces__rosidl_typesupport_cppExport-noconfig.cmake
-- Installing: /home/jqzhang/workspace/turtlebot_ws/install/mqtt_client_interfaces/share/mqtt_client_interfaces/cmake/rosidl_cmake-extras.cmake
-- Installing: /home/jqzhang/workspace/turtlebot_ws/install/mqtt_client_interfaces/share/mqtt_client_interfaces/cmake/ament_cmake_export_dependencies-extras.cmake
-- Installing: /home/jqzhang/workspace/turtlebot_ws/install/mqtt_client_interfaces/share/mqtt_client_interfaces/cmake/ament_cmake_export_libraries-extras.cmake
-- Installing: /home/jqzhang/workspace/turtlebot_ws/install/mqtt_client_interfaces/share/mqtt_client_interfaces/cmake/ament_cmake_export_targets-extras.cmake
-- Installing: /home/jqzhang/workspace/turtlebot_ws/install/mqtt_client_interfaces/share/mqtt_client_interfaces/cmake/ament_cmake_export_include_directories-extras.cmake
-- Installing: /home/jqzhang/workspace/turtlebot_ws/install/mqtt_client_interfaces/share/mqtt_client_interfaces/cmake/rosidl_cmake_export_typesupport_targets-extras.cmake
-- Installing: /home/jqzhang/workspace/turtlebot_ws/install/mqtt_client_interfaces/share/mqtt_client_interfaces/cmake/rosidl_cmake_export_typesupport_libraries-extras.cmake
-- Installing: /home/jqzhang/workspace/turtlebot_ws/install/mqtt_client_interfaces/share/mqtt_client_interfaces/cmake/mqtt_client_interfacesConfig.cmake
-- Installing: /home/jqzhang/workspace/turtlebot_ws/install/mqtt_client_interfaces/share/mqtt_client_interfaces/cmake/mqtt_client_interfacesConfig-version.cmake
-- Installing: /home/jqzhang/workspace/turtlebot_ws/install/mqtt_client_interfaces/share/mqtt_client_interfaces/package.xml
