[0.260s] DEBUG:colcon:Command line arguments: ['/usr/bin/colcon', 'build']
[0.260s] DEBUG:colcon:Parsed command line arguments: Namespace(allow_overriding=[], ament_cmake_args=None, base_paths=['.'], build_base='build', catkin_cmake_args=None, catkin_skip_building_tests=False, cmake_args=None, cmake_clean_cache=False, cmake_clean_first=False, cmake_force_configure=False, cmake_target=None, cmake_target_skip_unavailable=False, continue_on_error=False, event_handlers=None, executor='parallel', ignore_user_meta=False, install_base='install', log_base=None, log_level=None, main=<bound method BuildVerb.main of <colcon_core.verb.build.BuildVerb object at 0x7f513b39a730>>, merge_install=False, metas=['./colcon.meta'], packages_above=None, packages_above_and_dependencies=None, packages_above_depth=None, packages_end=None, packages_ignore=None, packages_ignore_regex=None, packages_select=None, packages_select_build_failed=False, packages_select_by_dep=None, packages_select_regex=None, packages_select_test_failures=False, packages_skip=None, packages_skip_build_finished=False, packages_skip_by_dep=None, packages_skip_regex=None, packages_skip_test_passed=False, packages_skip_up_to=None, packages_start=None, packages_up_to=None, packages_up_to_regex=None, parallel_workers=16, paths=None, symlink_install=False, test_result_base=None, verb_extension=<colcon_core.verb.build.BuildVerb object at 0x7f513b39a730>, verb_name='build', verb_parser=<colcon_defaults.argument_parser.defaults.DefaultArgumentsDecorator object at 0x7f513b39ac70>)
[0.301s] Level 1:colcon.colcon_core.package_discovery:discover_packages(colcon_meta) check parameters
[0.301s] Level 1:colcon.colcon_core.package_discovery:discover_packages(recursive) check parameters
[0.301s] Level 1:colcon.colcon_core.package_discovery:discover_packages(ignore) check parameters
[0.301s] Level 1:colcon.colcon_core.package_discovery:discover_packages(path) check parameters
[0.301s] Level 1:colcon.colcon_core.package_discovery:discover_packages(colcon_meta) discover
[0.301s] Level 1:colcon.colcon_core.package_discovery:discover_packages(recursive) discover
[0.301s] INFO:colcon.colcon_core.package_discovery:Crawling recursively for packages in '/home/jqzhang/workspace/turtlebot_ws'
[0.301s] Level 1:colcon.colcon_core.package_identification:_identify(.) by extensions ['ignore', 'ignore_ament_install']
[0.301s] Level 1:colcon.colcon_core.package_identification:_identify(.) by extension 'ignore'
[0.301s] Level 1:colcon.colcon_core.package_identification:_identify(.) by extension 'ignore_ament_install'
[0.301s] Level 1:colcon.colcon_core.package_identification:_identify(.) by extensions ['colcon_pkg']
[0.301s] Level 1:colcon.colcon_core.package_identification:_identify(.) by extension 'colcon_pkg'
[0.301s] Level 1:colcon.colcon_core.package_identification:_identify(.) by extensions ['colcon_meta']
[0.301s] Level 1:colcon.colcon_core.package_identification:_identify(.) by extension 'colcon_meta'
[0.301s] Level 1:colcon.colcon_core.package_identification:_identify(.) by extensions ['ros']
[0.301s] Level 1:colcon.colcon_core.package_identification:_identify(.) by extension 'ros'
[0.308s] Level 1:colcon.colcon_core.package_identification:_identify(.) by extensions ['cmake', 'python']
[0.308s] Level 1:colcon.colcon_core.package_identification:_identify(.) by extension 'cmake'
[0.308s] Level 1:colcon.colcon_core.package_identification:_identify(.) by extension 'python'
[0.308s] Level 1:colcon.colcon_core.package_identification:_identify(.) by extensions ['python_setup_py']
[0.309s] Level 1:colcon.colcon_core.package_identification:_identify(.) by extension 'python_setup_py'
[0.309s] Level 1:colcon.colcon_core.package_identification:_identify(build) by extensions ['ignore', 'ignore_ament_install']
[0.309s] Level 1:colcon.colcon_core.package_identification:_identify(build) by extension 'ignore'
[0.309s] Level 1:colcon.colcon_core.package_identification:_identify(build) ignored
[0.309s] Level 1:colcon.colcon_core.package_identification:_identify(install) by extensions ['ignore', 'ignore_ament_install']
[0.309s] Level 1:colcon.colcon_core.package_identification:_identify(install) by extension 'ignore'
[0.309s] Level 1:colcon.colcon_core.package_identification:_identify(install) ignored
[0.309s] Level 1:colcon.colcon_core.package_identification:_identify(log) by extensions ['ignore', 'ignore_ament_install']
[0.309s] Level 1:colcon.colcon_core.package_identification:_identify(log) by extension 'ignore'
[0.309s] Level 1:colcon.colcon_core.package_identification:_identify(log) ignored
[0.309s] Level 1:colcon.colcon_core.package_identification:_identify(src) by extensions ['ignore', 'ignore_ament_install']
[0.309s] Level 1:colcon.colcon_core.package_identification:_identify(src) by extension 'ignore'
[0.309s] Level 1:colcon.colcon_core.package_identification:_identify(src) by extension 'ignore_ament_install'
[0.309s] Level 1:colcon.colcon_core.package_identification:_identify(src) by extensions ['colcon_pkg']
[0.309s] Level 1:colcon.colcon_core.package_identification:_identify(src) by extension 'colcon_pkg'
[0.309s] Level 1:colcon.colcon_core.package_identification:_identify(src) by extensions ['colcon_meta']
[0.309s] Level 1:colcon.colcon_core.package_identification:_identify(src) by extension 'colcon_meta'
[0.309s] Level 1:colcon.colcon_core.package_identification:_identify(src) by extensions ['ros']
[0.309s] Level 1:colcon.colcon_core.package_identification:_identify(src) by extension 'ros'
[0.309s] Level 1:colcon.colcon_core.package_identification:_identify(src) by extensions ['cmake', 'python']
[0.309s] Level 1:colcon.colcon_core.package_identification:_identify(src) by extension 'cmake'
[0.309s] Level 1:colcon.colcon_core.package_identification:_identify(src) by extension 'python'
[0.309s] Level 1:colcon.colcon_core.package_identification:_identify(src) by extensions ['python_setup_py']
[0.310s] Level 1:colcon.colcon_core.package_identification:_identify(src) by extension 'python_setup_py'
[0.310s] Level 1:colcon.colcon_core.package_identification:_identify(src/turtlebot_cmd) by extensions ['ignore', 'ignore_ament_install']
[0.310s] Level 1:colcon.colcon_core.package_identification:_identify(src/turtlebot_cmd) by extension 'ignore'
[0.310s] Level 1:colcon.colcon_core.package_identification:_identify(src/turtlebot_cmd) by extension 'ignore_ament_install'
[0.310s] Level 1:colcon.colcon_core.package_identification:_identify(src/turtlebot_cmd) by extensions ['colcon_pkg']
[0.310s] Level 1:colcon.colcon_core.package_identification:_identify(src/turtlebot_cmd) by extension 'colcon_pkg'
[0.310s] Level 1:colcon.colcon_core.package_identification:_identify(src/turtlebot_cmd) by extensions ['colcon_meta']
[0.310s] Level 1:colcon.colcon_core.package_identification:_identify(src/turtlebot_cmd) by extension 'colcon_meta'
[0.310s] Level 1:colcon.colcon_core.package_identification:_identify(src/turtlebot_cmd) by extensions ['ros']
[0.310s] Level 1:colcon.colcon_core.package_identification:_identify(src/turtlebot_cmd) by extension 'ros'
[0.311s] DEBUG:colcon.colcon_core.package_identification:Package 'src/turtlebot_cmd' with type 'ros.ament_python' and name 'turtlebot_cmd'
[0.311s] Level 1:colcon.colcon_core.package_discovery:discover_packages(recursive) using defaults
[0.311s] Level 1:colcon.colcon_core.package_discovery:discover_packages(ignore) discover
[0.311s] Level 1:colcon.colcon_core.package_discovery:discover_packages(ignore) using defaults
[0.311s] Level 1:colcon.colcon_core.package_discovery:discover_packages(path) discover
[0.312s] Level 1:colcon.colcon_core.package_discovery:discover_packages(path) using defaults
[0.328s] Level 1:colcon.colcon_core.package_discovery:discover_packages(prefix_path) check parameters
[0.328s] Level 1:colcon.colcon_core.package_discovery:discover_packages(prefix_path) discover
[0.329s] WARNING:colcon.colcon_core.prefix_path.colcon:The path '/home/jqzhang/workspace/turtlebot_cmd_ws/install' in the environment variable COLCON_PREFIX_PATH doesn't exist
[0.332s] WARNING:colcon.colcon_ros.prefix_path.ament:The path '/home/jqzhang/workspace/turtlebot_cmd_ws/install/turtlebot_cmd' in the environment variable AMENT_PREFIX_PATH doesn't exist
[0.332s] WARNING:colcon.colcon_ros.prefix_path.ament:The path '/home/jqzhang/workspace/turtlebot_cmd_ws/install/mqtt_client' in the environment variable AMENT_PREFIX_PATH doesn't exist
[0.332s] WARNING:colcon.colcon_ros.prefix_path.ament:The path '/home/jqzhang/workspace/turtlebot_cmd_ws/install/mqtt_client_interfaces' in the environment variable AMENT_PREFIX_PATH doesn't exist
[0.333s] WARNING:colcon.colcon_ros.prefix_path.catkin:The path '/home/jqzhang/workspace/turtlebot_cmd_ws/install/mqtt_client' in the environment variable CMAKE_PREFIX_PATH doesn't exist
[0.333s] WARNING:colcon.colcon_ros.prefix_path.catkin:The path '/home/jqzhang/workspace/turtlebot_cmd_ws/install/mqtt_client_interfaces' in the environment variable CMAKE_PREFIX_PATH doesn't exist
[0.336s] DEBUG:colcon.colcon_installed_package_information.package_discovery:Found 129 installed packages in /home/jqzhang/workspace/tracing_ws/install
[0.337s] DEBUG:colcon.colcon_installed_package_information.package_discovery:Found 268 installed packages in /opt/ros/galactic
[0.341s] Level 1:colcon.colcon_core.package_discovery:discover_packages(prefix_path) using defaults
[0.459s] Level 5:colcon.colcon_core.verb:set package 'turtlebot_cmd' build argument 'cmake_args' from command line to 'None'
[0.459s] Level 5:colcon.colcon_core.verb:set package 'turtlebot_cmd' build argument 'cmake_target' from command line to 'None'
[0.459s] Level 5:colcon.colcon_core.verb:set package 'turtlebot_cmd' build argument 'cmake_target_skip_unavailable' from command line to 'False'
[0.459s] Level 5:colcon.colcon_core.verb:set package 'turtlebot_cmd' build argument 'cmake_clean_cache' from command line to 'False'
[0.459s] Level 5:colcon.colcon_core.verb:set package 'turtlebot_cmd' build argument 'cmake_clean_first' from command line to 'False'
[0.459s] Level 5:colcon.colcon_core.verb:set package 'turtlebot_cmd' build argument 'cmake_force_configure' from command line to 'False'
[0.459s] Level 5:colcon.colcon_core.verb:set package 'turtlebot_cmd' build argument 'ament_cmake_args' from command line to 'None'
[0.459s] Level 5:colcon.colcon_core.verb:set package 'turtlebot_cmd' build argument 'catkin_cmake_args' from command line to 'None'
[0.459s] Level 5:colcon.colcon_core.verb:set package 'turtlebot_cmd' build argument 'catkin_skip_building_tests' from command line to 'False'
[0.459s] DEBUG:colcon.colcon_core.verb:Building package 'turtlebot_cmd' with the following arguments: {'ament_cmake_args': None, 'build_base': '/home/jqzhang/workspace/turtlebot_ws/build/turtlebot_cmd', 'catkin_cmake_args': None, 'catkin_skip_building_tests': False, 'cmake_args': None, 'cmake_clean_cache': False, 'cmake_clean_first': False, 'cmake_force_configure': False, 'cmake_target': None, 'cmake_target_skip_unavailable': False, 'install_base': '/home/jqzhang/workspace/turtlebot_ws/install/turtlebot_cmd', 'merge_install': False, 'path': '/home/jqzhang/workspace/turtlebot_ws/src/turtlebot_cmd', 'symlink_install': False, 'test_result_base': None}
[0.460s] INFO:colcon.colcon_core.executor:Executing jobs using 'parallel' executor
[0.463s] DEBUG:colcon.colcon_parallel_executor.executor.parallel:run_until_complete
[0.463s] INFO:colcon.colcon_ros.task.ament_python.build:Building ROS package in '/home/jqzhang/workspace/turtlebot_ws/src/turtlebot_cmd' with build type 'ament_python'
[0.463s] Level 1:colcon.colcon_core.shell:create_environment_hook('turtlebot_cmd', 'ament_prefix_path')
[0.466s] INFO:colcon.colcon_core.plugin_system:Skipping extension 'colcon_core.shell.bat': Not used on non-Windows systems
[0.467s] INFO:colcon.colcon_core.shell:Creating environment hook '/home/jqzhang/workspace/turtlebot_ws/install/turtlebot_cmd/share/turtlebot_cmd/hook/ament_prefix_path.ps1'
[0.467s] INFO:colcon.colcon_core.shell:Creating environment descriptor '/home/jqzhang/workspace/turtlebot_ws/install/turtlebot_cmd/share/turtlebot_cmd/hook/ament_prefix_path.dsv'
[0.467s] INFO:colcon.colcon_core.shell:Creating environment hook '/home/jqzhang/workspace/turtlebot_ws/install/turtlebot_cmd/share/turtlebot_cmd/hook/ament_prefix_path.sh'
[0.468s] INFO:colcon.colcon_core.shell:Skip shell extension 'powershell' for command environment: Not usable outside of PowerShell
[0.469s] DEBUG:colcon.colcon_core.shell:Skip shell extension 'dsv' for command environment
[0.703s] INFO:colcon.colcon_core.task.python.build:Building Python package in '/home/jqzhang/workspace/turtlebot_ws/src/turtlebot_cmd'
[0.706s] INFO:colcon.colcon_core.shell:Skip shell extension 'powershell' for command environment: Not usable outside of PowerShell
[0.706s] DEBUG:colcon.colcon_core.shell:Skip shell extension 'dsv' for command environment
[1.078s] DEBUG:colcon.colcon_core.event_handler.log_command:Invoking command in '/home/jqzhang/workspace/turtlebot_ws/src/turtlebot_cmd': PYTHONPATH=/home/jqzhang/workspace/turtlebot_ws/build/turtlebot_cmd/prefix_override:/home/jqzhang/workspace/turtlebot_ws/install/turtlebot_cmd/lib/python3.8/site-packages:${PYTHONPATH} /usr/bin/python3 setup.py egg_info --egg-base ../../build/turtlebot_cmd build --build-base /home/jqzhang/workspace/turtlebot_ws/build/turtlebot_cmd/build install --record /home/jqzhang/workspace/turtlebot_ws/build/turtlebot_cmd/install.log --single-version-externally-managed
[1.333s] DEBUG:colcon.colcon_core.event_handler.log_command:Invoked command in '/home/jqzhang/workspace/turtlebot_ws/src/turtlebot_cmd' returned '0': PYTHONPATH=/home/jqzhang/workspace/turtlebot_ws/build/turtlebot_cmd/prefix_override:/home/jqzhang/workspace/turtlebot_ws/install/turtlebot_cmd/lib/python3.8/site-packages:${PYTHONPATH} /usr/bin/python3 setup.py egg_info --egg-base ../../build/turtlebot_cmd build --build-base /home/jqzhang/workspace/turtlebot_ws/build/turtlebot_cmd/build install --record /home/jqzhang/workspace/turtlebot_ws/build/turtlebot_cmd/install.log --single-version-externally-managed
[1.343s] Level 1:colcon.colcon_core.environment:checking '/home/jqzhang/workspace/turtlebot_ws/install/turtlebot_cmd' for CMake module files
[1.343s] Level 1:colcon.colcon_core.environment:checking '/home/jqzhang/workspace/turtlebot_ws/install/turtlebot_cmd' for CMake config files
[1.343s] Level 1:colcon.colcon_core.environment:checking '/home/jqzhang/workspace/turtlebot_ws/install/turtlebot_cmd/lib'
[1.343s] Level 1:colcon.colcon_core.environment:checking '/home/jqzhang/workspace/turtlebot_ws/install/turtlebot_cmd/bin'
[1.343s] Level 1:colcon.colcon_core.environment:checking '/home/jqzhang/workspace/turtlebot_ws/install/turtlebot_cmd/lib/pkgconfig/turtlebot_cmd.pc'
[1.344s] Level 1:colcon.colcon_core.environment:checking '/home/jqzhang/workspace/turtlebot_ws/install/turtlebot_cmd/lib/python3.8/site-packages'
[1.344s] Level 1:colcon.colcon_core.shell:create_environment_hook('turtlebot_cmd', 'pythonpath')
[1.345s] INFO:colcon.colcon_core.shell:Creating environment hook '/home/jqzhang/workspace/turtlebot_ws/install/turtlebot_cmd/share/turtlebot_cmd/hook/pythonpath.ps1'
[1.345s] INFO:colcon.colcon_core.shell:Creating environment descriptor '/home/jqzhang/workspace/turtlebot_ws/install/turtlebot_cmd/share/turtlebot_cmd/hook/pythonpath.dsv'
[1.345s] INFO:colcon.colcon_core.shell:Creating environment hook '/home/jqzhang/workspace/turtlebot_ws/install/turtlebot_cmd/share/turtlebot_cmd/hook/pythonpath.sh'
[1.346s] Level 1:colcon.colcon_core.environment:checking '/home/jqzhang/workspace/turtlebot_ws/install/turtlebot_cmd/bin'
[1.346s] Level 1:colcon.colcon_core.environment:create_environment_scripts_only(turtlebot_cmd)
[1.347s] INFO:colcon.colcon_core.shell:Creating package script '/home/jqzhang/workspace/turtlebot_ws/install/turtlebot_cmd/share/turtlebot_cmd/package.ps1'
[1.347s] INFO:colcon.colcon_core.shell:Creating package descriptor '/home/jqzhang/workspace/turtlebot_ws/install/turtlebot_cmd/share/turtlebot_cmd/package.dsv'
[1.348s] INFO:colcon.colcon_core.shell:Creating package script '/home/jqzhang/workspace/turtlebot_ws/install/turtlebot_cmd/share/turtlebot_cmd/package.sh'
[1.348s] INFO:colcon.colcon_core.shell:Creating package script '/home/jqzhang/workspace/turtlebot_ws/install/turtlebot_cmd/share/turtlebot_cmd/package.bash'
[1.349s] INFO:colcon.colcon_core.shell:Creating package script '/home/jqzhang/workspace/turtlebot_ws/install/turtlebot_cmd/share/turtlebot_cmd/package.zsh'
[1.349s] Level 1:colcon.colcon_core.environment:create_file_with_runtime_dependencies(/home/jqzhang/workspace/turtlebot_ws/install/turtlebot_cmd/share/colcon-core/packages/turtlebot_cmd)
[1.350s] DEBUG:colcon.colcon_parallel_executor.executor.parallel:closing loop
[1.351s] DEBUG:colcon.colcon_parallel_executor.executor.parallel:loop closed
[1.351s] DEBUG:colcon.colcon_parallel_executor.executor.parallel:run_until_complete finished with '0'
[1.351s] DEBUG:colcon.colcon_core.event_reactor:joining thread
[1.362s] INFO:colcon.colcon_core.plugin_system:Skipping extension 'colcon_notification.desktop_notification.terminal_notifier': Not used on non-Darwin systems
[1.362s] INFO:colcon.colcon_core.plugin_system:Skipping extension 'colcon_notification.desktop_notification.win32': Not used on non-Windows systems
[1.362s] INFO:colcon.colcon_notification.desktop_notification:Sending desktop notification using 'notify2'
[1.378s] DEBUG:colcon.colcon_core.event_reactor:joined thread
[1.379s] INFO:colcon.colcon_core.shell:Creating prefix script '/home/jqzhang/workspace/turtlebot_ws/install/local_setup.ps1'
[1.380s] INFO:colcon.colcon_core.shell:Creating prefix util module '/home/jqzhang/workspace/turtlebot_ws/install/_local_setup_util_ps1.py'
[1.381s] INFO:colcon.colcon_core.shell:Creating prefix chain script '/home/jqzhang/workspace/turtlebot_ws/install/setup.ps1'
[1.385s] INFO:colcon.colcon_core.shell:Creating prefix script '/home/jqzhang/workspace/turtlebot_ws/install/local_setup.sh'
[1.386s] INFO:colcon.colcon_core.shell:Creating prefix util module '/home/jqzhang/workspace/turtlebot_ws/install/_local_setup_util_sh.py'
[1.386s] INFO:colcon.colcon_core.shell:Creating prefix chain script '/home/jqzhang/workspace/turtlebot_ws/install/setup.sh'
[1.389s] INFO:colcon.colcon_core.shell:Creating prefix script '/home/jqzhang/workspace/turtlebot_ws/install/local_setup.bash'
[1.390s] INFO:colcon.colcon_core.shell:Creating prefix chain script '/home/jqzhang/workspace/turtlebot_ws/install/setup.bash'
[1.393s] INFO:colcon.colcon_core.shell:Creating prefix script '/home/jqzhang/workspace/turtlebot_ws/install/local_setup.zsh'
[1.393s] INFO:colcon.colcon_core.shell:Creating prefix chain script '/home/jqzhang/workspace/turtlebot_ws/install/setup.zsh'
