[0.309s] DEBUG:colcon:Command line arguments: ['/usr/bin/colcon', 'list', '-p', '--base-paths', '/home/jqzhang/workspace/turtlebot_ws']
[0.309s] DEBUG:colcon:Parsed command line arguments: Namespace(allow_overriding=[], base_paths=['/home/jqzhang/workspace/turtlebot_ws'], build_base='build', ignore_user_meta=False, log_base=None, log_level=None, main=<bound method ListVerb.main of <colcon_package_information.verb.list.ListVerb object at 0x7f02cb1def10>>, metas=['./colcon.meta'], names_only=False, packages_above=None, packages_above_and_dependencies=None, packages_above_depth=None, packages_end=None, packages_ignore=None, packages_ignore_regex=None, packages_select=None, packages_select_build_failed=False, packages_select_by_dep=None, packages_select_regex=None, packages_select_test_failures=False, packages_skip=None, packages_skip_build_finished=False, packages_skip_by_dep=None, packages_skip_regex=None, packages_skip_test_passed=False, packages_skip_up_to=None, packages_start=None, packages_up_to=None, packages_up_to_regex=None, paths=None, paths_only=True, topological_graph=False, topological_graph_density=False, topological_graph_dot=False, topological_graph_dot_cluster=False, topological_graph_dot_include_skipped=False, topological_graph_legend=False, topological_order=False, verb_extension=<colcon_package_information.verb.list.ListVerb object at 0x7f02cb1def10>, verb_name='list', verb_parser=<colcon_defaults.argument_parser.defaults.DefaultArgumentsDecorator object at 0x7f02cb11fa00>)
[0.333s] Level 1:colcon.colcon_core.package_discovery:discover_packages(colcon_meta) check parameters
[0.333s] Level 1:colcon.colcon_core.package_discovery:discover_packages(recursive) check parameters
[0.333s] Level 1:colcon.colcon_core.package_discovery:discover_packages(ignore) check parameters
[0.333s] Level 1:colcon.colcon_core.package_discovery:discover_packages(path) check parameters
[0.333s] Level 1:colcon.colcon_core.package_discovery:discover_packages(recursive) discover
[0.333s] INFO:colcon.colcon_core.package_discovery:Crawling recursively for packages in '/home/jqzhang/workspace/turtlebot_ws'
[0.333s] Level 1:colcon.colcon_core.package_identification:_identify(/home/jqzhang/workspace/turtlebot_ws) by extensions ['ignore', 'ignore_ament_install']
[0.333s] Level 1:colcon.colcon_core.package_identification:_identify(/home/jqzhang/workspace/turtlebot_ws) by extension 'ignore'
[0.333s] Level 1:colcon.colcon_core.package_identification:_identify(/home/jqzhang/workspace/turtlebot_ws) by extension 'ignore_ament_install'
[0.333s] Level 1:colcon.colcon_core.package_identification:_identify(/home/jqzhang/workspace/turtlebot_ws) by extensions ['colcon_pkg']
[0.333s] Level 1:colcon.colcon_core.package_identification:_identify(/home/jqzhang/workspace/turtlebot_ws) by extension 'colcon_pkg'
[0.333s] Level 1:colcon.colcon_core.package_identification:_identify(/home/jqzhang/workspace/turtlebot_ws) by extensions ['colcon_meta']
[0.334s] Level 1:colcon.colcon_core.package_identification:_identify(/home/jqzhang/workspace/turtlebot_ws) by extension 'colcon_meta'
[0.334s] Level 1:colcon.colcon_core.package_identification:_identify(/home/jqzhang/workspace/turtlebot_ws) by extensions ['ros']
[0.334s] Level 1:colcon.colcon_core.package_identification:_identify(/home/jqzhang/workspace/turtlebot_ws) by extension 'ros'
[0.355s] Level 1:colcon.colcon_core.package_identification:_identify(/home/jqzhang/workspace/turtlebot_ws) by extensions ['cmake', 'python']
[0.356s] Level 1:colcon.colcon_core.package_identification:_identify(/home/jqzhang/workspace/turtlebot_ws) by extension 'cmake'
[0.356s] Level 1:colcon.colcon_core.package_identification:_identify(/home/jqzhang/workspace/turtlebot_ws) by extension 'python'
[0.356s] Level 1:colcon.colcon_core.package_identification:_identify(/home/jqzhang/workspace/turtlebot_ws) by extensions ['python_setup_py']
[0.356s] Level 1:colcon.colcon_core.package_identification:_identify(/home/jqzhang/workspace/turtlebot_ws) by extension 'python_setup_py'
[0.356s] Level 1:colcon.colcon_core.package_identification:_identify(/home/jqzhang/workspace/turtlebot_ws/build) by extensions ['ignore', 'ignore_ament_install']
[0.356s] Level 1:colcon.colcon_core.package_identification:_identify(/home/jqzhang/workspace/turtlebot_ws/build) by extension 'ignore'
[0.356s] Level 1:colcon.colcon_core.package_identification:_identify(/home/jqzhang/workspace/turtlebot_ws/build) ignored
[0.356s] Level 1:colcon.colcon_core.package_identification:_identify(/home/jqzhang/workspace/turtlebot_ws/experiment) by extensions ['ignore', 'ignore_ament_install']
[0.356s] Level 1:colcon.colcon_core.package_identification:_identify(/home/jqzhang/workspace/turtlebot_ws/experiment) by extension 'ignore'
[0.356s] Level 1:colcon.colcon_core.package_identification:_identify(/home/jqzhang/workspace/turtlebot_ws/experiment) by extension 'ignore_ament_install'
[0.356s] Level 1:colcon.colcon_core.package_identification:_identify(/home/jqzhang/workspace/turtlebot_ws/experiment) by extensions ['colcon_pkg']
[0.356s] Level 1:colcon.colcon_core.package_identification:_identify(/home/jqzhang/workspace/turtlebot_ws/experiment) by extension 'colcon_pkg'
[0.356s] Level 1:colcon.colcon_core.package_identification:_identify(/home/jqzhang/workspace/turtlebot_ws/experiment) by extensions ['colcon_meta']
[0.356s] Level 1:colcon.colcon_core.package_identification:_identify(/home/jqzhang/workspace/turtlebot_ws/experiment) by extension 'colcon_meta'
[0.357s] Level 1:colcon.colcon_core.package_identification:_identify(/home/jqzhang/workspace/turtlebot_ws/experiment) by extensions ['ros']
[0.357s] Level 1:colcon.colcon_core.package_identification:_identify(/home/jqzhang/workspace/turtlebot_ws/experiment) by extension 'ros'
[0.357s] Level 1:colcon.colcon_core.package_identification:_identify(/home/jqzhang/workspace/turtlebot_ws/experiment) by extensions ['cmake', 'python']
[0.357s] Level 1:colcon.colcon_core.package_identification:_identify(/home/jqzhang/workspace/turtlebot_ws/experiment) by extension 'cmake'
[0.357s] Level 1:colcon.colcon_core.package_identification:_identify(/home/jqzhang/workspace/turtlebot_ws/experiment) by extension 'python'
[0.357s] Level 1:colcon.colcon_core.package_identification:_identify(/home/jqzhang/workspace/turtlebot_ws/experiment) by extensions ['python_setup_py']
[0.357s] Level 1:colcon.colcon_core.package_identification:_identify(/home/jqzhang/workspace/turtlebot_ws/experiment) by extension 'python_setup_py'
[0.357s] Level 1:colcon.colcon_core.package_identification:_identify(/home/jqzhang/workspace/turtlebot_ws/experiment/cyclonedds_square1200) by extensions ['ignore', 'ignore_ament_install']
[0.357s] Level 1:colcon.colcon_core.package_identification:_identify(/home/jqzhang/workspace/turtlebot_ws/experiment/cyclonedds_square1200) by extension 'ignore'
[0.357s] Level 1:colcon.colcon_core.package_identification:_identify(/home/jqzhang/workspace/turtlebot_ws/experiment/cyclonedds_square1200) by extension 'ignore_ament_install'
[0.357s] Level 1:colcon.colcon_core.package_identification:_identify(/home/jqzhang/workspace/turtlebot_ws/experiment/cyclonedds_square1200) by extensions ['colcon_pkg']
[0.357s] Level 1:colcon.colcon_core.package_identification:_identify(/home/jqzhang/workspace/turtlebot_ws/experiment/cyclonedds_square1200) by extension 'colcon_pkg'
[0.357s] Level 1:colcon.colcon_core.package_identification:_identify(/home/jqzhang/workspace/turtlebot_ws/experiment/cyclonedds_square1200) by extensions ['colcon_meta']
[0.357s] Level 1:colcon.colcon_core.package_identification:_identify(/home/jqzhang/workspace/turtlebot_ws/experiment/cyclonedds_square1200) by extension 'colcon_meta'
[0.357s] Level 1:colcon.colcon_core.package_identification:_identify(/home/jqzhang/workspace/turtlebot_ws/experiment/cyclonedds_square1200) by extensions ['ros']
[0.357s] Level 1:colcon.colcon_core.package_identification:_identify(/home/jqzhang/workspace/turtlebot_ws/experiment/cyclonedds_square1200) by extension 'ros'
[0.357s] Level 1:colcon.colcon_core.package_identification:_identify(/home/jqzhang/workspace/turtlebot_ws/experiment/cyclonedds_square1200) by extensions ['cmake', 'python']
[0.357s] Level 1:colcon.colcon_core.package_identification:_identify(/home/jqzhang/workspace/turtlebot_ws/experiment/cyclonedds_square1200) by extension 'cmake'
[0.357s] Level 1:colcon.colcon_core.package_identification:_identify(/home/jqzhang/workspace/turtlebot_ws/experiment/cyclonedds_square1200) by extension 'python'
[0.357s] Level 1:colcon.colcon_core.package_identification:_identify(/home/jqzhang/workspace/turtlebot_ws/experiment/cyclonedds_square1200) by extensions ['python_setup_py']
[0.357s] Level 1:colcon.colcon_core.package_identification:_identify(/home/jqzhang/workspace/turtlebot_ws/experiment/cyclonedds_square1200) by extension 'python_setup_py'
[0.357s] Level 1:colcon.colcon_core.package_identification:_identify(/home/jqzhang/workspace/turtlebot_ws/experiment/fastdds_square1200) by extensions ['ignore', 'ignore_ament_install']
[0.358s] Level 1:colcon.colcon_core.package_identification:_identify(/home/jqzhang/workspace/turtlebot_ws/experiment/fastdds_square1200) by extension 'ignore'
[0.358s] Level 1:colcon.colcon_core.package_identification:_identify(/home/jqzhang/workspace/turtlebot_ws/experiment/fastdds_square1200) by extension 'ignore_ament_install'
[0.358s] Level 1:colcon.colcon_core.package_identification:_identify(/home/jqzhang/workspace/turtlebot_ws/experiment/fastdds_square1200) by extensions ['colcon_pkg']
[0.358s] Level 1:colcon.colcon_core.package_identification:_identify(/home/jqzhang/workspace/turtlebot_ws/experiment/fastdds_square1200) by extension 'colcon_pkg'
[0.358s] Level 1:colcon.colcon_core.package_identification:_identify(/home/jqzhang/workspace/turtlebot_ws/experiment/fastdds_square1200) by extensions ['colcon_meta']
[0.358s] Level 1:colcon.colcon_core.package_identification:_identify(/home/jqzhang/workspace/turtlebot_ws/experiment/fastdds_square1200) by extension 'colcon_meta'
[0.358s] Level 1:colcon.colcon_core.package_identification:_identify(/home/jqzhang/workspace/turtlebot_ws/experiment/fastdds_square1200) by extensions ['ros']
[0.358s] Level 1:colcon.colcon_core.package_identification:_identify(/home/jqzhang/workspace/turtlebot_ws/experiment/fastdds_square1200) by extension 'ros'
[0.358s] Level 1:colcon.colcon_core.package_identification:_identify(/home/jqzhang/workspace/turtlebot_ws/experiment/fastdds_square1200) by extensions ['cmake', 'python']
[0.358s] Level 1:colcon.colcon_core.package_identification:_identify(/home/jqzhang/workspace/turtlebot_ws/experiment/fastdds_square1200) by extension 'cmake'
[0.358s] Level 1:colcon.colcon_core.package_identification:_identify(/home/jqzhang/workspace/turtlebot_ws/experiment/fastdds_square1200) by extension 'python'
[0.358s] Level 1:colcon.colcon_core.package_identification:_identify(/home/jqzhang/workspace/turtlebot_ws/experiment/fastdds_square1200) by extensions ['python_setup_py']
[0.358s] Level 1:colcon.colcon_core.package_identification:_identify(/home/jqzhang/workspace/turtlebot_ws/experiment/fastdds_square1200) by extension 'python_setup_py'
[0.358s] Level 1:colcon.colcon_core.package_identification:_identify(/home/jqzhang/workspace/turtlebot_ws/experiment/fastdds_square1200_1) by extensions ['ignore', 'ignore_ament_install']
[0.358s] Level 1:colcon.colcon_core.package_identification:_identify(/home/jqzhang/workspace/turtlebot_ws/experiment/fastdds_square1200_1) by extension 'ignore'
[0.358s] Level 1:colcon.colcon_core.package_identification:_identify(/home/jqzhang/workspace/turtlebot_ws/experiment/fastdds_square1200_1) by extension 'ignore_ament_install'
[0.358s] Level 1:colcon.colcon_core.package_identification:_identify(/home/jqzhang/workspace/turtlebot_ws/experiment/fastdds_square1200_1) by extensions ['colcon_pkg']
[0.358s] Level 1:colcon.colcon_core.package_identification:_identify(/home/jqzhang/workspace/turtlebot_ws/experiment/fastdds_square1200_1) by extension 'colcon_pkg'
[0.358s] Level 1:colcon.colcon_core.package_identification:_identify(/home/jqzhang/workspace/turtlebot_ws/experiment/fastdds_square1200_1) by extensions ['colcon_meta']
[0.358s] Level 1:colcon.colcon_core.package_identification:_identify(/home/jqzhang/workspace/turtlebot_ws/experiment/fastdds_square1200_1) by extension 'colcon_meta'
[0.358s] Level 1:colcon.colcon_core.package_identification:_identify(/home/jqzhang/workspace/turtlebot_ws/experiment/fastdds_square1200_1) by extensions ['ros']
[0.358s] Level 1:colcon.colcon_core.package_identification:_identify(/home/jqzhang/workspace/turtlebot_ws/experiment/fastdds_square1200_1) by extension 'ros'
[0.358s] Level 1:colcon.colcon_core.package_identification:_identify(/home/jqzhang/workspace/turtlebot_ws/experiment/fastdds_square1200_1) by extensions ['cmake', 'python']
[0.358s] Level 1:colcon.colcon_core.package_identification:_identify(/home/jqzhang/workspace/turtlebot_ws/experiment/fastdds_square1200_1) by extension 'cmake'
[0.359s] Level 1:colcon.colcon_core.package_identification:_identify(/home/jqzhang/workspace/turtlebot_ws/experiment/fastdds_square1200_1) by extension 'python'
[0.359s] Level 1:colcon.colcon_core.package_identification:_identify(/home/jqzhang/workspace/turtlebot_ws/experiment/fastdds_square1200_1) by extensions ['python_setup_py']
[0.359s] Level 1:colcon.colcon_core.package_identification:_identify(/home/jqzhang/workspace/turtlebot_ws/experiment/fastdds_square1200_1) by extension 'python_setup_py'
[0.359s] Level 1:colcon.colcon_core.package_identification:_identify(/home/jqzhang/workspace/turtlebot_ws/experiment/mqtt_square1200) by extensions ['ignore', 'ignore_ament_install']
[0.359s] Level 1:colcon.colcon_core.package_identification:_identify(/home/jqzhang/workspace/turtlebot_ws/experiment/mqtt_square1200) by extension 'ignore'
[0.359s] Level 1:colcon.colcon_core.package_identification:_identify(/home/jqzhang/workspace/turtlebot_ws/experiment/mqtt_square1200) by extension 'ignore_ament_install'
[0.359s] Level 1:colcon.colcon_core.package_identification:_identify(/home/jqzhang/workspace/turtlebot_ws/experiment/mqtt_square1200) by extensions ['colcon_pkg']
[0.359s] Level 1:colcon.colcon_core.package_identification:_identify(/home/jqzhang/workspace/turtlebot_ws/experiment/mqtt_square1200) by extension 'colcon_pkg'
[0.359s] Level 1:colcon.colcon_core.package_identification:_identify(/home/jqzhang/workspace/turtlebot_ws/experiment/mqtt_square1200) by extensions ['colcon_meta']
[0.359s] Level 1:colcon.colcon_core.package_identification:_identify(/home/jqzhang/workspace/turtlebot_ws/experiment/mqtt_square1200) by extension 'colcon_meta'
[0.359s] Level 1:colcon.colcon_core.package_identification:_identify(/home/jqzhang/workspace/turtlebot_ws/experiment/mqtt_square1200) by extensions ['ros']
[0.359s] Level 1:colcon.colcon_core.package_identification:_identify(/home/jqzhang/workspace/turtlebot_ws/experiment/mqtt_square1200) by extension 'ros'
[0.359s] Level 1:colcon.colcon_core.package_identification:_identify(/home/jqzhang/workspace/turtlebot_ws/experiment/mqtt_square1200) by extensions ['cmake', 'python']
[0.359s] Level 1:colcon.colcon_core.package_identification:_identify(/home/jqzhang/workspace/turtlebot_ws/experiment/mqtt_square1200) by extension 'cmake'
[0.359s] Level 1:colcon.colcon_core.package_identification:_identify(/home/jqzhang/workspace/turtlebot_ws/experiment/mqtt_square1200) by extension 'python'
[0.359s] Level 1:colcon.colcon_core.package_identification:_identify(/home/jqzhang/workspace/turtlebot_ws/experiment/mqtt_square1200) by extensions ['python_setup_py']
[0.359s] Level 1:colcon.colcon_core.package_identification:_identify(/home/jqzhang/workspace/turtlebot_ws/experiment/mqtt_square1200) by extension 'python_setup_py'
[0.359s] Level 1:colcon.colcon_core.package_identification:_identify(/home/jqzhang/workspace/turtlebot_ws/experiment/zenoh_square1200) by extensions ['ignore', 'ignore_ament_install']
[0.359s] Level 1:colcon.colcon_core.package_identification:_identify(/home/jqzhang/workspace/turtlebot_ws/experiment/zenoh_square1200) by extension 'ignore'
[0.359s] Level 1:colcon.colcon_core.package_identification:_identify(/home/jqzhang/workspace/turtlebot_ws/experiment/zenoh_square1200) by extension 'ignore_ament_install'
[0.359s] Level 1:colcon.colcon_core.package_identification:_identify(/home/jqzhang/workspace/turtlebot_ws/experiment/zenoh_square1200) by extensions ['colcon_pkg']
[0.359s] Level 1:colcon.colcon_core.package_identification:_identify(/home/jqzhang/workspace/turtlebot_ws/experiment/zenoh_square1200) by extension 'colcon_pkg'
[0.359s] Level 1:colcon.colcon_core.package_identification:_identify(/home/jqzhang/workspace/turtlebot_ws/experiment/zenoh_square1200) by extensions ['colcon_meta']
[0.359s] Level 1:colcon.colcon_core.package_identification:_identify(/home/jqzhang/workspace/turtlebot_ws/experiment/zenoh_square1200) by extension 'colcon_meta'
[0.360s] Level 1:colcon.colcon_core.package_identification:_identify(/home/jqzhang/workspace/turtlebot_ws/experiment/zenoh_square1200) by extensions ['ros']
[0.360s] Level 1:colcon.colcon_core.package_identification:_identify(/home/jqzhang/workspace/turtlebot_ws/experiment/zenoh_square1200) by extension 'ros'
[0.360s] Level 1:colcon.colcon_core.package_identification:_identify(/home/jqzhang/workspace/turtlebot_ws/experiment/zenoh_square1200) by extensions ['cmake', 'python']
[0.360s] Level 1:colcon.colcon_core.package_identification:_identify(/home/jqzhang/workspace/turtlebot_ws/experiment/zenoh_square1200) by extension 'cmake'
[0.360s] Level 1:colcon.colcon_core.package_identification:_identify(/home/jqzhang/workspace/turtlebot_ws/experiment/zenoh_square1200) by extension 'python'
[0.360s] Level 1:colcon.colcon_core.package_identification:_identify(/home/jqzhang/workspace/turtlebot_ws/experiment/zenoh_square1200) by extensions ['python_setup_py']
[0.360s] Level 1:colcon.colcon_core.package_identification:_identify(/home/jqzhang/workspace/turtlebot_ws/experiment/zenoh_square1200) by extension 'python_setup_py'
[0.360s] Level 1:colcon.colcon_core.package_identification:_identify(/home/jqzhang/workspace/turtlebot_ws/experiment/zenoh_square1200_1) by extensions ['ignore', 'ignore_ament_install']
[0.360s] Level 1:colcon.colcon_core.package_identification:_identify(/home/jqzhang/workspace/turtlebot_ws/experiment/zenoh_square1200_1) by extension 'ignore'
[0.360s] Level 1:colcon.colcon_core.package_identification:_identify(/home/jqzhang/workspace/turtlebot_ws/experiment/zenoh_square1200_1) by extension 'ignore_ament_install'
[0.360s] Level 1:colcon.colcon_core.package_identification:_identify(/home/jqzhang/workspace/turtlebot_ws/experiment/zenoh_square1200_1) by extensions ['colcon_pkg']
[0.360s] Level 1:colcon.colcon_core.package_identification:_identify(/home/jqzhang/workspace/turtlebot_ws/experiment/zenoh_square1200_1) by extension 'colcon_pkg'
[0.360s] Level 1:colcon.colcon_core.package_identification:_identify(/home/jqzhang/workspace/turtlebot_ws/experiment/zenoh_square1200_1) by extensions ['colcon_meta']
[0.360s] Level 1:colcon.colcon_core.package_identification:_identify(/home/jqzhang/workspace/turtlebot_ws/experiment/zenoh_square1200_1) by extension 'colcon_meta'
[0.360s] Level 1:colcon.colcon_core.package_identification:_identify(/home/jqzhang/workspace/turtlebot_ws/experiment/zenoh_square1200_1) by extensions ['ros']
[0.360s] Level 1:colcon.colcon_core.package_identification:_identify(/home/jqzhang/workspace/turtlebot_ws/experiment/zenoh_square1200_1) by extension 'ros'
[0.360s] Level 1:colcon.colcon_core.package_identification:_identify(/home/jqzhang/workspace/turtlebot_ws/experiment/zenoh_square1200_1) by extensions ['cmake', 'python']
[0.360s] Level 1:colcon.colcon_core.package_identification:_identify(/home/jqzhang/workspace/turtlebot_ws/experiment/zenoh_square1200_1) by extension 'cmake'
[0.360s] Level 1:colcon.colcon_core.package_identification:_identify(/home/jqzhang/workspace/turtlebot_ws/experiment/zenoh_square1200_1) by extension 'python'
[0.360s] Level 1:colcon.colcon_core.package_identification:_identify(/home/jqzhang/workspace/turtlebot_ws/experiment/zenoh_square1200_1) by extensions ['python_setup_py']
[0.360s] Level 1:colcon.colcon_core.package_identification:_identify(/home/jqzhang/workspace/turtlebot_ws/experiment/zenoh_square1200_1) by extension 'python_setup_py'
[0.360s] Level 1:colcon.colcon_core.package_identification:_identify(/home/jqzhang/workspace/turtlebot_ws/install) by extensions ['ignore', 'ignore_ament_install']
[0.360s] Level 1:colcon.colcon_core.package_identification:_identify(/home/jqzhang/workspace/turtlebot_ws/install) by extension 'ignore'
[0.360s] Level 1:colcon.colcon_core.package_identification:_identify(/home/jqzhang/workspace/turtlebot_ws/install) ignored
[0.361s] Level 1:colcon.colcon_core.package_identification:_identify(/home/jqzhang/workspace/turtlebot_ws/log) by extensions ['ignore', 'ignore_ament_install']
[0.361s] Level 1:colcon.colcon_core.package_identification:_identify(/home/jqzhang/workspace/turtlebot_ws/log) by extension 'ignore'
[0.361s] Level 1:colcon.colcon_core.package_identification:_identify(/home/jqzhang/workspace/turtlebot_ws/log) ignored
[0.361s] Level 1:colcon.colcon_core.package_identification:_identify(/home/jqzhang/workspace/turtlebot_ws/src) by extensions ['ignore', 'ignore_ament_install']
[0.361s] Level 1:colcon.colcon_core.package_identification:_identify(/home/jqzhang/workspace/turtlebot_ws/src) by extension 'ignore'
[0.361s] Level 1:colcon.colcon_core.package_identification:_identify(/home/jqzhang/workspace/turtlebot_ws/src) by extension 'ignore_ament_install'
[0.361s] Level 1:colcon.colcon_core.package_identification:_identify(/home/jqzhang/workspace/turtlebot_ws/src) by extensions ['colcon_pkg']
[0.361s] Level 1:colcon.colcon_core.package_identification:_identify(/home/jqzhang/workspace/turtlebot_ws/src) by extension 'colcon_pkg'
[0.361s] Level 1:colcon.colcon_core.package_identification:_identify(/home/jqzhang/workspace/turtlebot_ws/src) by extensions ['colcon_meta']
[0.361s] Level 1:colcon.colcon_core.package_identification:_identify(/home/jqzhang/workspace/turtlebot_ws/src) by extension 'colcon_meta'
[0.361s] Level 1:colcon.colcon_core.package_identification:_identify(/home/jqzhang/workspace/turtlebot_ws/src) by extensions ['ros']
[0.361s] Level 1:colcon.colcon_core.package_identification:_identify(/home/jqzhang/workspace/turtlebot_ws/src) by extension 'ros'
[0.361s] Level 1:colcon.colcon_core.package_identification:_identify(/home/jqzhang/workspace/turtlebot_ws/src) by extensions ['cmake', 'python']
[0.361s] Level 1:colcon.colcon_core.package_identification:_identify(/home/jqzhang/workspace/turtlebot_ws/src) by extension 'cmake'
[0.361s] Level 1:colcon.colcon_core.package_identification:_identify(/home/jqzhang/workspace/turtlebot_ws/src) by extension 'python'
[0.361s] Level 1:colcon.colcon_core.package_identification:_identify(/home/jqzhang/workspace/turtlebot_ws/src) by extensions ['python_setup_py']
[0.361s] Level 1:colcon.colcon_core.package_identification:_identify(/home/jqzhang/workspace/turtlebot_ws/src) by extension 'python_setup_py'
[0.361s] Level 1:colcon.colcon_core.package_identification:_identify(/home/jqzhang/workspace/turtlebot_ws/src/mqtt_client) by extensions ['ignore', 'ignore_ament_install']
[0.361s] Level 1:colcon.colcon_core.package_identification:_identify(/home/jqzhang/workspace/turtlebot_ws/src/mqtt_client) by extension 'ignore'
[0.361s] Level 1:colcon.colcon_core.package_identification:_identify(/home/jqzhang/workspace/turtlebot_ws/src/mqtt_client) by extension 'ignore_ament_install'
[0.361s] Level 1:colcon.colcon_core.package_identification:_identify(/home/jqzhang/workspace/turtlebot_ws/src/mqtt_client) by extensions ['colcon_pkg']
[0.361s] Level 1:colcon.colcon_core.package_identification:_identify(/home/jqzhang/workspace/turtlebot_ws/src/mqtt_client) by extension 'colcon_pkg'
[0.362s] Level 1:colcon.colcon_core.package_identification:_identify(/home/jqzhang/workspace/turtlebot_ws/src/mqtt_client) by extensions ['colcon_meta']
[0.362s] Level 1:colcon.colcon_core.package_identification:_identify(/home/jqzhang/workspace/turtlebot_ws/src/mqtt_client) by extension 'colcon_meta'
[0.362s] Level 1:colcon.colcon_core.package_identification:_identify(/home/jqzhang/workspace/turtlebot_ws/src/mqtt_client) by extensions ['ros']
[0.362s] Level 1:colcon.colcon_core.package_identification:_identify(/home/jqzhang/workspace/turtlebot_ws/src/mqtt_client) by extension 'ros'
[0.362s] Level 1:colcon.colcon_core.package_identification:_identify(/home/jqzhang/workspace/turtlebot_ws/src/mqtt_client) by extensions ['cmake', 'python']
[0.362s] Level 1:colcon.colcon_core.package_identification:_identify(/home/jqzhang/workspace/turtlebot_ws/src/mqtt_client) by extension 'cmake'
[0.362s] Level 1:colcon.colcon_core.package_identification:_identify(/home/jqzhang/workspace/turtlebot_ws/src/mqtt_client) by extension 'python'
[0.362s] Level 1:colcon.colcon_core.package_identification:_identify(/home/jqzhang/workspace/turtlebot_ws/src/mqtt_client) by extensions ['python_setup_py']
[0.362s] Level 1:colcon.colcon_core.package_identification:_identify(/home/jqzhang/workspace/turtlebot_ws/src/mqtt_client) by extension 'python_setup_py'
[0.362s] Level 1:colcon.colcon_core.package_identification:_identify(/home/jqzhang/workspace/turtlebot_ws/src/mqtt_client/mqtt_client) by extensions ['ignore', 'ignore_ament_install']
[0.362s] Level 1:colcon.colcon_core.package_identification:_identify(/home/jqzhang/workspace/turtlebot_ws/src/mqtt_client/mqtt_client) by extension 'ignore'
[0.362s] Level 1:colcon.colcon_core.package_identification:_identify(/home/jqzhang/workspace/turtlebot_ws/src/mqtt_client/mqtt_client) by extension 'ignore_ament_install'
[0.362s] Level 1:colcon.colcon_core.package_identification:_identify(/home/jqzhang/workspace/turtlebot_ws/src/mqtt_client/mqtt_client) by extensions ['colcon_pkg']
[0.362s] Level 1:colcon.colcon_core.package_identification:_identify(/home/jqzhang/workspace/turtlebot_ws/src/mqtt_client/mqtt_client) by extension 'colcon_pkg'
[0.362s] Level 1:colcon.colcon_core.package_identification:_identify(/home/jqzhang/workspace/turtlebot_ws/src/mqtt_client/mqtt_client) by extensions ['colcon_meta']
[0.362s] Level 1:colcon.colcon_core.package_identification:_identify(/home/jqzhang/workspace/turtlebot_ws/src/mqtt_client/mqtt_client) by extension 'colcon_meta'
[0.362s] Level 1:colcon.colcon_core.package_identification:_identify(/home/jqzhang/workspace/turtlebot_ws/src/mqtt_client/mqtt_client) by extensions ['ros']
[0.362s] Level 1:colcon.colcon_core.package_identification:_identify(/home/jqzhang/workspace/turtlebot_ws/src/mqtt_client/mqtt_client) by extension 'ros'
[0.371s] DEBUG:colcon.colcon_core.package_identification:Package '/home/jqzhang/workspace/turtlebot_ws/src/mqtt_client/mqtt_client' with type 'ros.ament_cmake' and name 'mqtt_client'
[0.371s] Level 1:colcon.colcon_core.package_identification:_identify(/home/jqzhang/workspace/turtlebot_ws/src/mqtt_client/mqtt_client_interfaces) by extensions ['ignore', 'ignore_ament_install']
[0.371s] Level 1:colcon.colcon_core.package_identification:_identify(/home/jqzhang/workspace/turtlebot_ws/src/mqtt_client/mqtt_client_interfaces) by extension 'ignore'
[0.371s] Level 1:colcon.colcon_core.package_identification:_identify(/home/jqzhang/workspace/turtlebot_ws/src/mqtt_client/mqtt_client_interfaces) by extension 'ignore_ament_install'
[0.371s] Level 1:colcon.colcon_core.package_identification:_identify(/home/jqzhang/workspace/turtlebot_ws/src/mqtt_client/mqtt_client_interfaces) by extensions ['colcon_pkg']
[0.371s] Level 1:colcon.colcon_core.package_identification:_identify(/home/jqzhang/workspace/turtlebot_ws/src/mqtt_client/mqtt_client_interfaces) by extension 'colcon_pkg'
[0.371s] Level 1:colcon.colcon_core.package_identification:_identify(/home/jqzhang/workspace/turtlebot_ws/src/mqtt_client/mqtt_client_interfaces) by extensions ['colcon_meta']
[0.371s] Level 1:colcon.colcon_core.package_identification:_identify(/home/jqzhang/workspace/turtlebot_ws/src/mqtt_client/mqtt_client_interfaces) by extension 'colcon_meta'
[0.371s] Level 1:colcon.colcon_core.package_identification:_identify(/home/jqzhang/workspace/turtlebot_ws/src/mqtt_client/mqtt_client_interfaces) by extensions ['ros']
[0.371s] Level 1:colcon.colcon_core.package_identification:_identify(/home/jqzhang/workspace/turtlebot_ws/src/mqtt_client/mqtt_client_interfaces) by extension 'ros'
[0.376s] DEBUG:colcon.colcon_core.package_identification:Package '/home/jqzhang/workspace/turtlebot_ws/src/mqtt_client/mqtt_client_interfaces' with type 'ros.ament_cmake' and name 'mqtt_client_interfaces'
[0.376s] Level 1:colcon.colcon_core.package_identification:_identify(/home/jqzhang/workspace/turtlebot_ws/src/turtlebot_cmd) by extensions ['ignore', 'ignore_ament_install']
[0.376s] Level 1:colcon.colcon_core.package_identification:_identify(/home/jqzhang/workspace/turtlebot_ws/src/turtlebot_cmd) by extension 'ignore'
[0.376s] Level 1:colcon.colcon_core.package_identification:_identify(/home/jqzhang/workspace/turtlebot_ws/src/turtlebot_cmd) by extension 'ignore_ament_install'
[0.376s] Level 1:colcon.colcon_core.package_identification:_identify(/home/jqzhang/workspace/turtlebot_ws/src/turtlebot_cmd) by extensions ['colcon_pkg']
[0.376s] Level 1:colcon.colcon_core.package_identification:_identify(/home/jqzhang/workspace/turtlebot_ws/src/turtlebot_cmd) by extension 'colcon_pkg'
[0.376s] Level 1:colcon.colcon_core.package_identification:_identify(/home/jqzhang/workspace/turtlebot_ws/src/turtlebot_cmd) by extensions ['colcon_meta']
[0.376s] Level 1:colcon.colcon_core.package_identification:_identify(/home/jqzhang/workspace/turtlebot_ws/src/turtlebot_cmd) by extension 'colcon_meta'
[0.376s] Level 1:colcon.colcon_core.package_identification:_identify(/home/jqzhang/workspace/turtlebot_ws/src/turtlebot_cmd) by extensions ['ros']
[0.376s] Level 1:colcon.colcon_core.package_identification:_identify(/home/jqzhang/workspace/turtlebot_ws/src/turtlebot_cmd) by extension 'ros'
[0.377s] DEBUG:colcon.colcon_core.package_identification:Package '/home/jqzhang/workspace/turtlebot_ws/src/turtlebot_cmd' with type 'ros.ament_python' and name 'turtlebot_cmd'
[0.377s] Level 1:colcon.colcon_core.package_discovery:discover_packages(recursive) using defaults
