running egg_info
creating ../../build/turtlebot_cmd/turtlebot_cmd.egg-info
writing ../../build/turtlebot_cmd/turtlebot_cmd.egg-info/PKG-INFO
writing dependency_links to ../../build/turtlebot_cmd/turtlebot_cmd.egg-info/dependency_links.txt
writing entry points to ../../build/turtlebot_cmd/turtlebot_cmd.egg-info/entry_points.txt
writing requirements to ../../build/turtlebot_cmd/turtlebot_cmd.egg-info/requires.txt
writing top-level names to ../../build/turtlebot_cmd/turtlebot_cmd.egg-info/top_level.txt
writing manifest file '../../build/turtlebot_cmd/turtlebot_cmd.egg-info/SOURCES.txt'
reading manifest file '../../build/turtlebot_cmd/turtlebot_cmd.egg-info/SOURCES.txt'
writing manifest file '../../build/turtlebot_cmd/turtlebot_cmd.egg-info/SOURCES.txt'
running build
running build_py
creating /home/jqzhang/workspace/turtlebot_ws/build/turtlebot_cmd/build
creating /home/jqzhang/workspace/turtlebot_ws/build/turtlebot_cmd/build/lib
creating /home/jqzhang/workspace/turtlebot_ws/build/turtlebot_cmd/build/lib/turtlebot_cmd
copying turtlebot_cmd/cmd_node.py -> /home/jqzhang/workspace/turtlebot_ws/build/turtlebot_cmd/build/lib/turtlebot_cmd
copying turtlebot_cmd/__init__.py -> /home/jqzhang/workspace/turtlebot_ws/build/turtlebot_cmd/build/lib/turtlebot_cmd
running install
running install_lib
creating /home/jqzhang/workspace/turtlebot_ws/install/turtlebot_cmd/lib/python3.8/site-packages/turtlebot_cmd
copying /home/jqzhang/workspace/turtlebot_ws/build/turtlebot_cmd/build/lib/turtlebot_cmd/cmd_node.py -> /home/jqzhang/workspace/turtlebot_ws/install/turtlebot_cmd/lib/python3.8/site-packages/turtlebot_cmd
copying /home/jqzhang/workspace/turtlebot_ws/build/turtlebot_cmd/build/lib/turtlebot_cmd/__init__.py -> /home/jqzhang/workspace/turtlebot_ws/install/turtlebot_cmd/lib/python3.8/site-packages/turtlebot_cmd
byte-compiling /home/jqzhang/workspace/turtlebot_ws/install/turtlebot_cmd/lib/python3.8/site-packages/turtlebot_cmd/cmd_node.py to cmd_node.cpython-38.pyc
byte-compiling /home/jqzhang/workspace/turtlebot_ws/install/turtlebot_cmd/lib/python3.8/site-packages/turtlebot_cmd/__init__.py to __init__.cpython-38.pyc
running install_data
creating /home/jqzhang/workspace/turtlebot_ws/install/turtlebot_cmd/share/ament_index
creating /home/jqzhang/workspace/turtlebot_ws/install/turtlebot_cmd/share/ament_index/resource_index
creating /home/jqzhang/workspace/turtlebot_ws/install/turtlebot_cmd/share/ament_index/resource_index/packages
copying resource/turtlebot_cmd -> /home/jqzhang/workspace/turtlebot_ws/install/turtlebot_cmd/share/ament_index/resource_index/packages
copying package.xml -> /home/jqzhang/workspace/turtlebot_ws/install/turtlebot_cmd/share/turtlebot_cmd
running install_egg_info
Copying ../../build/turtlebot_cmd/turtlebot_cmd.egg-info to /home/jqzhang/workspace/turtlebot_ws/install/turtlebot_cmd/lib/python3.8/site-packages/turtlebot_cmd-0.0.0-py3.8.egg-info
running install_scripts
Installing cmd_node script to /home/jqzhang/workspace/turtlebot_ws/install/turtlebot_cmd/lib/turtlebot_cmd
writing list of installed files to '/home/jqzhang/workspace/turtlebot_ws/build/turtlebot_cmd/install.log'
