[0.615s] Invoking command in '/home/jqzhang/workspace/turtlebot_ws/src/turtlebot_cmd': PYTHONPATH=/home/jqzhang/workspace/turtlebot_ws/build/turtlebot_cmd/prefix_override:/home/jqzhang/workspace/turtlebot_ws/install/turtlebot_cmd/lib/python3.8/site-packages:${PYTHONPATH} /usr/bin/python3 setup.py egg_info --egg-base ../../build/turtlebot_cmd build --build-base /home/jqzhang/workspace/turtlebot_ws/build/turtlebot_cmd/build install --record /home/jqzhang/workspace/turtlebot_ws/build/turtlebot_cmd/install.log --single-version-externally-managed
[0.812s] running egg_info
[0.812s] creating ../../build/turtlebot_cmd/turtlebot_cmd.egg-info
[0.812s] writing ../../build/turtlebot_cmd/turtlebot_cmd.egg-info/PKG-INFO
[0.812s] writing dependency_links to ../../build/turtlebot_cmd/turtlebot_cmd.egg-info/dependency_links.txt
[0.812s] writing entry points to ../../build/turtlebot_cmd/turtlebot_cmd.egg-info/entry_points.txt
[0.812s] writing requirements to ../../build/turtlebot_cmd/turtlebot_cmd.egg-info/requires.txt
[0.812s] writing top-level names to ../../build/turtlebot_cmd/turtlebot_cmd.egg-info/top_level.txt
[0.813s] writing manifest file '../../build/turtlebot_cmd/turtlebot_cmd.egg-info/SOURCES.txt'
[0.837s] reading manifest file '../../build/turtlebot_cmd/turtlebot_cmd.egg-info/SOURCES.txt'
[0.837s] writing manifest file '../../build/turtlebot_cmd/turtlebot_cmd.egg-info/SOURCES.txt'
[0.837s] running build
[0.837s] running build_py
[0.837s] creating /home/jqzhang/workspace/turtlebot_ws/build/turtlebot_cmd/build
[0.837s] creating /home/jqzhang/workspace/turtlebot_ws/build/turtlebot_cmd/build/lib
[0.838s] creating /home/jqzhang/workspace/turtlebot_ws/build/turtlebot_cmd/build/lib/turtlebot_cmd
[0.838s] copying turtlebot_cmd/cmd_node.py -> /home/jqzhang/workspace/turtlebot_ws/build/turtlebot_cmd/build/lib/turtlebot_cmd
[0.838s] copying turtlebot_cmd/__init__.py -> /home/jqzhang/workspace/turtlebot_ws/build/turtlebot_cmd/build/lib/turtlebot_cmd
[0.838s] running install
[0.838s] running install_lib
[0.839s] creating /home/jqzhang/workspace/turtlebot_ws/install/turtlebot_cmd/lib/python3.8/site-packages/turtlebot_cmd
[0.839s] copying /home/jqzhang/workspace/turtlebot_ws/build/turtlebot_cmd/build/lib/turtlebot_cmd/cmd_node.py -> /home/jqzhang/workspace/turtlebot_ws/install/turtlebot_cmd/lib/python3.8/site-packages/turtlebot_cmd
[0.839s] copying /home/jqzhang/workspace/turtlebot_ws/build/turtlebot_cmd/build/lib/turtlebot_cmd/__init__.py -> /home/jqzhang/workspace/turtlebot_ws/install/turtlebot_cmd/lib/python3.8/site-packages/turtlebot_cmd
[0.839s] byte-compiling /home/jqzhang/workspace/turtlebot_ws/install/turtlebot_cmd/lib/python3.8/site-packages/turtlebot_cmd/cmd_node.py to cmd_node.cpython-38.pyc
[0.840s] byte-compiling /home/jqzhang/workspace/turtlebot_ws/install/turtlebot_cmd/lib/python3.8/site-packages/turtlebot_cmd/__init__.py to __init__.cpython-38.pyc
[0.840s] running install_data
[0.841s] creating /home/jqzhang/workspace/turtlebot_ws/install/turtlebot_cmd/share/ament_index
[0.841s] creating /home/jqzhang/workspace/turtlebot_ws/install/turtlebot_cmd/share/ament_index/resource_index
[0.841s] creating /home/jqzhang/workspace/turtlebot_ws/install/turtlebot_cmd/share/ament_index/resource_index/packages
[0.841s] copying resource/turtlebot_cmd -> /home/jqzhang/workspace/turtlebot_ws/install/turtlebot_cmd/share/ament_index/resource_index/packages
[0.841s] copying package.xml -> /home/jqzhang/workspace/turtlebot_ws/install/turtlebot_cmd/share/turtlebot_cmd
[0.841s] running install_egg_info
[0.842s] Copying ../../build/turtlebot_cmd/turtlebot_cmd.egg-info to /home/jqzhang/workspace/turtlebot_ws/install/turtlebot_cmd/lib/python3.8/site-packages/turtlebot_cmd-0.0.0-py3.8.egg-info
[0.843s] running install_scripts
[0.855s] Installing cmd_node script to /home/jqzhang/workspace/turtlebot_ws/install/turtlebot_cmd/lib/turtlebot_cmd
[0.855s] writing list of installed files to '/home/jqzhang/workspace/turtlebot_ws/build/turtlebot_cmd/install.log'
[0.869s] Invoked command in '/home/jqzhang/workspace/turtlebot_ws/src/turtlebot_cmd' returned '0': PYTHONPATH=/home/jqzhang/workspace/turtlebot_ws/build/turtlebot_cmd/prefix_override:/home/jqzhang/workspace/turtlebot_ws/install/turtlebot_cmd/lib/python3.8/site-packages:${PYTHONPATH} /usr/bin/python3 setup.py egg_info --egg-base ../../build/turtlebot_cmd build --build-base /home/jqzhang/workspace/turtlebot_ws/build/turtlebot_cmd/build install --record /home/jqzhang/workspace/turtlebot_ws/build/turtlebot_cmd/install.log --single-version-externally-managed
